<?xml version="1.0" encoding="UTF-8"?>
<testsuite xmlns:xsi="http://www.w3.org/2001/XMLSchema-instance" xsi:noNamespaceSchemaLocation="https://maven.apache.org/surefire/maven-surefire-plugin/xsd/surefire-test-report.xsd" name="org.aiotml.testing.providers.GeneralTests" time="44.009" tests="530" errors="0" skipped="0" failures="530">
  <properties>
[...]
</properties>
  <testcase name="NodeJS [testArrays]" classname="testArrays [General.Arrays]" time="0.005">
    <failure message="Cannot run compiler&apos;nodejs&apos; on the current platform" type="org.aiotml.testing.errors.AiotMLTestCaseCompilerError">org.aiotml.testing.errors.AiotMLTestCaseCompilerError: Cannot run compiler'nodejs' on the current platform
Caused by: org.aiotml.testing.errors.AiotMLExecutionError: 
node -v - Non-zero return value
[stdout]

[stderr]
'node' �����ڲ����ⲿ���Ҳ���ǿ����еĳ���
���������ļ���

</failure>
  </testcase>
  <testcase name="Java [testArrays]" classname="testArrays [General.Arrays]" time="0.003">
    <failure message="Cannot run compiler&apos;java&apos; on the current platform" type="org.aiotml.testing.errors.AiotMLTestCaseCompilerError">org.aiotml.testing.errors.AiotMLTestCaseCompilerError: Cannot run compiler'java' on the current platform
Caused by: org.aiotml.testing.errors.AiotMLExecutionError: 
mvn -v - Non-zero return value
[stdout]

[stderr]
'mvn' �����ڲ����ⲿ���Ҳ���ǿ����еĳ���
���������ļ���

</failure>
  </testcase>
  <testcase name="Posix [testArrays]" classname="testArrays [General.Arrays]" time="0">
    <failure message="Cannot run compiler&apos;posix&apos; on the current platform" type="org.aiotml.testing.errors.AiotMLTestCaseCompilerError">org.aiotml.testing.errors.AiotMLTestCaseCompilerError: Cannot run compiler'posix' on the current platform
Caused by: org.aiotml.testing.errors.AiotMLExecutionError: 
make -v - Non-zero return value
[stdout]

[stderr]
'make' �����ڲ����ⲿ���Ҳ���ǿ����еĳ���
���������ļ���

</failure>
  </testcase>
  <testcase name="PosixMT [testArrays]" classname="testArrays [General.Arrays]" time="0.003">
    <failure message="Cannot run compiler&apos;posixmt&apos; on the current platform" type="org.aiotml.testing.errors.AiotMLTestCaseCompilerError">org.aiotml.testing.errors.AiotMLTestCaseCompilerError: Cannot run compiler'posixmt' on the current platform
Caused by: org.aiotml.testing.errors.AiotMLExecutionError: 
make -v - Non-zero return value
[stdout]

[stderr]
'make' �����ڲ����ⲿ���Ҳ���ǿ����еĳ���
���������ļ���

</failure>
  </testcase>
  <testcase name="NodeJS [testArrays2]" classname="testArrays2 [General.Arrays]" time="0.002">
    <failure message="Cannot run compiler&apos;nodejs&apos; on the current platform" type="org.aiotml.testing.errors.AiotMLTestCaseCompilerError">org.aiotml.testing.errors.AiotMLTestCaseCompilerError: Cannot run compiler'nodejs' on the current platform
Caused by: org.aiotml.testing.errors.AiotMLExecutionError: 
node -v - Non-zero return value
[stdout]

[stderr]
'node' �����ڲ����ⲿ���Ҳ���ǿ����еĳ���
���������ļ���

</failure>
  </testcase>
  <testcase name="Java [testArrays2]" classname="testArrays2 [General.Arrays]" time="0.001">
    <failure message="Cannot run compiler&apos;java&apos; on the current platform" type="org.aiotml.testing.errors.AiotMLTestCaseCompilerError">org.aiotml.testing.errors.AiotMLTestCaseCompilerError: Cannot run compiler'java' on the current platform
Caused by: org.aiotml.testing.errors.AiotMLExecutionError: 
mvn -v - Non-zero return value
[stdout]

[stderr]
'mvn' �����ڲ����ⲿ���Ҳ���ǿ����еĳ���
���������ļ���

</failure>
  </testcase>
  <testcase name="Posix [testArrays2]" classname="testArrays2 [General.Arrays]" time="0.002">
    <failure message="Cannot run compiler&apos;posix&apos; on the current platform" type="org.aiotml.testing.errors.AiotMLTestCaseCompilerError">org.aiotml.testing.errors.AiotMLTestCaseCompilerError: Cannot run compiler'posix' on the current platform
Caused by: org.aiotml.testing.errors.AiotMLExecutionError: 
make -v - Non-zero return value
[stdout]

[stderr]
'make' �����ڲ����ⲿ���Ҳ���ǿ����еĳ���
���������ļ���

</failure>
  </testcase>
  <testcase name="PosixMT [testArrays2]" classname="testArrays2 [General.Arrays]" time="0.002">
    <failure message="Cannot run compiler&apos;posixmt&apos; on the current platform" type="org.aiotml.testing.errors.AiotMLTestCaseCompilerError">org.aiotml.testing.errors.AiotMLTestCaseCompilerError: Cannot run compiler'posixmt' on the current platform
Caused by: org.aiotml.testing.errors.AiotMLExecutionError: 
make -v - Non-zero return value
[stdout]

[stderr]
'make' �����ڲ����ⲿ���Ҳ���ǿ����еĳ���
���������ļ���

</failure>
  </testcase>
  <testcase name="NodeJS [testArrays3]" classname="testArrays3 [General.Arrays]" time="0.001">
    <failure message="Cannot run compiler&apos;nodejs&apos; on the current platform" type="org.aiotml.testing.errors.AiotMLTestCaseCompilerError">org.aiotml.testing.errors.AiotMLTestCaseCompilerError: Cannot run compiler'nodejs' on the current platform
Caused by: org.aiotml.testing.errors.AiotMLExecutionError: 
node -v - Non-zero return value
[stdout]

[stderr]
'node' �����ڲ����ⲿ���Ҳ���ǿ����еĳ���
���������ļ���

</failure>
  </testcase>
  <testcase name="Java [testArrays3]" classname="testArrays3 [General.Arrays]" time="0.001">
    <failure message="Cannot run compiler&apos;java&apos; on the current platform" type="org.aiotml.testing.errors.AiotMLTestCaseCompilerError">org.aiotml.testing.errors.AiotMLTestCaseCompilerError: Cannot run compiler'java' on the current platform
Caused by: org.aiotml.testing.errors.AiotMLExecutionError: 
mvn -v - Non-zero return value
[stdout]

[stderr]
'mvn' �����ڲ����ⲿ���Ҳ���ǿ����еĳ���
���������ļ���

</failure>
  </testcase>
  <testcase name="Posix [testArrays3]" classname="testArrays3 [General.Arrays]" time="0.001">
    <failure message="Cannot run compiler&apos;posix&apos; on the current platform" type="org.aiotml.testing.errors.AiotMLTestCaseCompilerError">org.aiotml.testing.errors.AiotMLTestCaseCompilerError: Cannot run compiler'posix' on the current platform
Caused by: org.aiotml.testing.errors.AiotMLExecutionError: 
make -v - Non-zero return value
[stdout]

[stderr]
'make' �����ڲ����ⲿ���Ҳ���ǿ����еĳ���
���������ļ���

</failure>
  </testcase>
  <testcase name="PosixMT [testArrays3]" classname="testArrays3 [General.Arrays]" time="0.001">
    <failure message="Cannot run compiler&apos;posixmt&apos; on the current platform" type="org.aiotml.testing.errors.AiotMLTestCaseCompilerError">org.aiotml.testing.errors.AiotMLTestCaseCompilerError: Cannot run compiler'posixmt' on the current platform
Caused by: org.aiotml.testing.errors.AiotMLExecutionError: 
make -v - Non-zero return value
[stdout]

[stderr]
'make' �����ڲ����ⲿ���Ҳ���ǿ����еĳ���
���������ļ���

</failure>
  </testcase>
  <testcase name="Go [testArrays]" classname="testArrays [General.Arrays]" time="6.224">
    <failure message="Test execution - Non-zero return value&#10;[stdout]&#10;&#10;[stderr]&#10;testconfiguration_generated.go:4:2: cannot find package &quot;github.com/SINTEF-9012/gosm&quot; in any of:&#10;	D:\Go\src\github.com\SINTEF-9012\gosm (from $GOROOT)&#10;	F:\MasterLab\go-ethereum\src\github.com\SINTEF-9012\gosm (from $GOPATH)&#10;" type="org.aiotml.testing.errors.AiotMLExecutionError">org.aiotml.testing.errors.AiotMLExecutionError: 
Test execution - Non-zero return value
[stdout]

[stderr]
testconfiguration_generated.go:4:2: cannot find package "github.com/SINTEF-9012/gosm" in any of:
	D:\Go\src\github.com\SINTEF-9012\gosm (from $GOROOT)
	F:\MasterLab\go-ethereum\src\github.com\SINTEF-9012\gosm (from $GOPATH)

</failure>
  </testcase>
  <testcase name="Go [testArrays2]" classname="testArrays2 [General.Arrays]" time="0.003">
    <failure message="Test execution - Non-zero return value&#10;[stdout]&#10;&#10;[stderr]&#10;testconfiguration_generated.go:4:2: cannot find package &quot;github.com/SINTEF-9012/gosm&quot; in any of:&#10;	D:\Go\src\github.com\SINTEF-9012\gosm (from $GOROOT)&#10;	F:\MasterLab\go-ethereum\src\github.com\SINTEF-9012\gosm (from $GOPATH)&#10;" type="org.aiotml.testing.errors.AiotMLExecutionError">org.aiotml.testing.errors.AiotMLExecutionError: 
Test execution - Non-zero return value
[stdout]

[stderr]
testconfiguration_generated.go:4:2: cannot find package "github.com/SINTEF-9012/gosm" in any of:
	D:\Go\src\github.com\SINTEF-9012\gosm (from $GOROOT)
	F:\MasterLab\go-ethereum\src\github.com\SINTEF-9012\gosm (from $GOPATH)

</failure>
  </testcase>
  <testcase name="NodeJS [testArraysInit]" classname="testArraysInit [General.Arrays]" time="0">
    <failure message="Cannot run compiler&apos;nodejs&apos; on the current platform" type="org.aiotml.testing.errors.AiotMLTestCaseCompilerError">org.aiotml.testing.errors.AiotMLTestCaseCompilerError: Cannot run compiler'nodejs' on the current platform
Caused by: org.aiotml.testing.errors.AiotMLExecutionError: 
node -v - Non-zero return value
[stdout]

[stderr]
'node' �����ڲ����ⲿ���Ҳ���ǿ����еĳ���
���������ļ���

</failure>
  </testcase>
  <testcase name="Go [testArrays3]" classname="testArrays3 [General.Arrays]" time="0.001">
    <failure message="Test execution - Non-zero return value&#10;[stdout]&#10;&#10;[stderr]&#10;testconfiguration_generated.go:4:2: cannot find package &quot;github.com/SINTEF-9012/gosm&quot; in any of:&#10;	D:\Go\src\github.com\SINTEF-9012\gosm (from $GOROOT)&#10;	F:\MasterLab\go-ethereum\src\github.com\SINTEF-9012\gosm (from $GOPATH)&#10;" type="org.aiotml.testing.errors.AiotMLExecutionError">org.aiotml.testing.errors.AiotMLExecutionError: 
Test execution - Non-zero return value
[stdout]

[stderr]
testconfiguration_generated.go:4:2: cannot find package "github.com/SINTEF-9012/gosm" in any of:
	D:\Go\src\github.com\SINTEF-9012\gosm (from $GOROOT)
	F:\MasterLab\go-ethereum\src\github.com\SINTEF-9012\gosm (from $GOPATH)

</failure>
  </testcase>
  <testcase name="Java [testArraysInit]" classname="testArraysInit [General.Arrays]" time="0.001">
    <failure message="Cannot run compiler&apos;java&apos; on the current platform" type="org.aiotml.testing.errors.AiotMLTestCaseCompilerError">org.aiotml.testing.errors.AiotMLTestCaseCompilerError: Cannot run compiler'java' on the current platform
Caused by: org.aiotml.testing.errors.AiotMLExecutionError: 
mvn -v - Non-zero return value
[stdout]

[stderr]
'mvn' �����ڲ����ⲿ���Ҳ���ǿ����еĳ���
���������ļ���

</failure>
  </testcase>
  <testcase name="PosixMT [testArraysInit]" classname="testArraysInit [General.Arrays]" time="0.001">
    <failure message="Cannot run compiler&apos;posixmt&apos; on the current platform" type="org.aiotml.testing.errors.AiotMLTestCaseCompilerError">org.aiotml.testing.errors.AiotMLTestCaseCompilerError: Cannot run compiler'posixmt' on the current platform
Caused by: org.aiotml.testing.errors.AiotMLExecutionError: 
make -v - Non-zero return value
[stdout]

[stderr]
'make' �����ڲ����ⲿ���Ҳ���ǿ����еĳ���
���������ļ���

</failure>
  </testcase>
  <testcase name="Posix [testArraysInit]" classname="testArraysInit [General.Arrays]" time="0.002">
    <failure message="Cannot run compiler&apos;posix&apos; on the current platform" type="org.aiotml.testing.errors.AiotMLTestCaseCompilerError">org.aiotml.testing.errors.AiotMLTestCaseCompilerError: Cannot run compiler'posix' on the current platform
Caused by: org.aiotml.testing.errors.AiotMLExecutionError: 
make -v - Non-zero return value
[stdout]

[stderr]
'make' �����ڲ����ⲿ���Ҳ���ǿ����еĳ���
���������ļ���

</failure>
  </testcase>
  <testcase name="NodeJS [testArrays4]" classname="testArrays4 [General.Arrays]" time="0.001">
    <failure message="Cannot run compiler&apos;nodejs&apos; on the current platform" type="org.aiotml.testing.errors.AiotMLTestCaseCompilerError">org.aiotml.testing.errors.AiotMLTestCaseCompilerError: Cannot run compiler'nodejs' on the current platform
Caused by: org.aiotml.testing.errors.AiotMLExecutionError: 
node -v - Non-zero return value
[stdout]

[stderr]
'node' �����ڲ����ⲿ���Ҳ���ǿ����еĳ���
���������ļ���

</failure>
  </testcase>
  <testcase name="Posix [testArrays4]" classname="testArrays4 [General.Arrays]" time="0.003">
    <failure message="Cannot run compiler&apos;posix&apos; on the current platform" type="org.aiotml.testing.errors.AiotMLTestCaseCompilerError">org.aiotml.testing.errors.AiotMLTestCaseCompilerError: Cannot run compiler'posix' on the current platform
Caused by: org.aiotml.testing.errors.AiotMLExecutionError: 
make -v - Non-zero return value
[stdout]

[stderr]
'make' �����ڲ����ⲿ���Ҳ���ǿ����еĳ���
���������ļ���

</failure>
  </testcase>
  <testcase name="Java [testArrays4]" classname="testArrays4 [General.Arrays]" time="0.001">
    <failure message="Cannot run compiler&apos;java&apos; on the current platform" type="org.aiotml.testing.errors.AiotMLTestCaseCompilerError">org.aiotml.testing.errors.AiotMLTestCaseCompilerError: Cannot run compiler'java' on the current platform
Caused by: org.aiotml.testing.errors.AiotMLExecutionError: 
mvn -v - Non-zero return value
[stdout]

[stderr]
'mvn' �����ڲ����ⲿ���Ҳ���ǿ����еĳ���
���������ļ���

</failure>
  </testcase>
  <testcase name="PosixMT [testArrays4]" classname="testArrays4 [General.Arrays]" time="0.001">
    <failure message="Cannot run compiler&apos;posixmt&apos; on the current platform" type="org.aiotml.testing.errors.AiotMLTestCaseCompilerError">org.aiotml.testing.errors.AiotMLTestCaseCompilerError: Cannot run compiler'posixmt' on the current platform
Caused by: org.aiotml.testing.errors.AiotMLExecutionError: 
make -v - Non-zero return value
[stdout]

[stderr]
'make' �����ڲ����ⲿ���Ҳ���ǿ����еĳ���
���������ļ���

</failure>
  </testcase>
  <testcase name="NodeJS [testArraysInit3]" classname="testArraysInit3 [General.Arrays]" time="0.002">
    <failure message="Cannot run compiler&apos;nodejs&apos; on the current platform" type="org.aiotml.testing.errors.AiotMLTestCaseCompilerError">org.aiotml.testing.errors.AiotMLTestCaseCompilerError: Cannot run compiler'nodejs' on the current platform
Caused by: org.aiotml.testing.errors.AiotMLExecutionError: 
node -v - Non-zero return value
[stdout]

[stderr]
'node' �����ڲ����ⲿ���Ҳ���ǿ����еĳ���
���������ļ���

</failure>
  </testcase>
  <testcase name="Java [testArraysInit3]" classname="testArraysInit3 [General.Arrays]" time="0.002">
    <failure message="Cannot run compiler&apos;java&apos; on the current platform" type="org.aiotml.testing.errors.AiotMLTestCaseCompilerError">org.aiotml.testing.errors.AiotMLTestCaseCompilerError: Cannot run compiler'java' on the current platform
Caused by: org.aiotml.testing.errors.AiotMLExecutionError: 
mvn -v - Non-zero return value
[stdout]

[stderr]
'mvn' �����ڲ����ⲿ���Ҳ���ǿ����еĳ���
���������ļ���

</failure>
  </testcase>
  <testcase name="Posix [testArraysInit3]" classname="testArraysInit3 [General.Arrays]" time="0.001">
    <failure message="Cannot run compiler&apos;posix&apos; on the current platform" type="org.aiotml.testing.errors.AiotMLTestCaseCompilerError">org.aiotml.testing.errors.AiotMLTestCaseCompilerError: Cannot run compiler'posix' on the current platform
Caused by: org.aiotml.testing.errors.AiotMLExecutionError: 
make -v - Non-zero return value
[stdout]

[stderr]
'make' �����ڲ����ⲿ���Ҳ���ǿ����еĳ���
���������ļ���

</failure>
  </testcase>
  <testcase name="PosixMT [testArraysInit3]" classname="testArraysInit3 [General.Arrays]" time="0.002">
    <failure message="Cannot run compiler&apos;posixmt&apos; on the current platform" type="org.aiotml.testing.errors.AiotMLTestCaseCompilerError">org.aiotml.testing.errors.AiotMLTestCaseCompilerError: Cannot run compiler'posixmt' on the current platform
Caused by: org.aiotml.testing.errors.AiotMLExecutionError: 
make -v - Non-zero return value
[stdout]

[stderr]
'make' �����ڲ����ⲿ���Ҳ���ǿ����еĳ���
���������ļ���

</failure>
  </testcase>
  <testcase name="Go [testArraysInit]" classname="testArraysInit [General.Arrays]" time="1.418">
    <failure message="Test execution - Non-zero return value&#10;[stdout]&#10;&#10;[stderr]&#10;testconfiguration_generated.go:4:2: cannot find package &quot;github.com/SINTEF-9012/gosm&quot; in any of:&#10;	D:\Go\src\github.com\SINTEF-9012\gosm (from $GOROOT)&#10;	F:\MasterLab\go-ethereum\src\github.com\SINTEF-9012\gosm (from $GOPATH)&#10;" type="org.aiotml.testing.errors.AiotMLExecutionError">org.aiotml.testing.errors.AiotMLExecutionError: 
Test execution - Non-zero return value
[stdout]

[stderr]
testconfiguration_generated.go:4:2: cannot find package "github.com/SINTEF-9012/gosm" in any of:
	D:\Go\src\github.com\SINTEF-9012\gosm (from $GOROOT)
	F:\MasterLab\go-ethereum\src\github.com\SINTEF-9012\gosm (from $GOPATH)

</failure>
  </testcase>
  <testcase name="NodeJS [testArraysInit2]" classname="testArraysInit2 [General.Arrays]" time="0.001">
    <failure message="Cannot run compiler&apos;nodejs&apos; on the current platform" type="org.aiotml.testing.errors.AiotMLTestCaseCompilerError">org.aiotml.testing.errors.AiotMLTestCaseCompilerError: Cannot run compiler'nodejs' on the current platform
Caused by: org.aiotml.testing.errors.AiotMLExecutionError: 
node -v - Non-zero return value
[stdout]

[stderr]
'node' �����ڲ����ⲿ���Ҳ���ǿ����еĳ���
���������ļ���

</failure>
  </testcase>
  <testcase name="Java [testArraysInit2]" classname="testArraysInit2 [General.Arrays]" time="0.001">
    <failure message="Cannot run compiler&apos;java&apos; on the current platform" type="org.aiotml.testing.errors.AiotMLTestCaseCompilerError">org.aiotml.testing.errors.AiotMLTestCaseCompilerError: Cannot run compiler'java' on the current platform
Caused by: org.aiotml.testing.errors.AiotMLExecutionError: 
mvn -v - Non-zero return value
[stdout]

[stderr]
'mvn' �����ڲ����ⲿ���Ҳ���ǿ����еĳ���
���������ļ���

</failure>
  </testcase>
  <testcase name="Posix [testArraysInit2]" classname="testArraysInit2 [General.Arrays]" time="0.004">
    <failure message="Cannot run compiler&apos;posix&apos; on the current platform" type="org.aiotml.testing.errors.AiotMLTestCaseCompilerError">org.aiotml.testing.errors.AiotMLTestCaseCompilerError: Cannot run compiler'posix' on the current platform
Caused by: org.aiotml.testing.errors.AiotMLExecutionError: 
make -v - Non-zero return value
[stdout]

[stderr]
'make' �����ڲ����ⲿ���Ҳ���ǿ����еĳ���
���������ļ���

</failure>
  </testcase>
  <testcase name="PosixMT [testArraysInit2]" classname="testArraysInit2 [General.Arrays]" time="0">
    <failure message="Cannot run compiler&apos;posixmt&apos; on the current platform" type="org.aiotml.testing.errors.AiotMLTestCaseCompilerError">org.aiotml.testing.errors.AiotMLTestCaseCompilerError: Cannot run compiler'posixmt' on the current platform
Caused by: org.aiotml.testing.errors.AiotMLExecutionError: 
make -v - Non-zero return value
[stdout]

[stderr]
'make' �����ڲ����ⲿ���Ҳ���ǿ����еĳ���
���������ļ���

</failure>
  </testcase>
  <testcase name="Go [testArrays4]" classname="testArrays4 [General.Arrays]" time="0.057">
    <failure message="Test execution - Non-zero return value&#10;[stdout]&#10;&#10;[stderr]&#10;testconfiguration_generated.go:4:2: cannot find package &quot;github.com/SINTEF-9012/gosm&quot; in any of:&#10;	D:\Go\src\github.com\SINTEF-9012\gosm (from $GOROOT)&#10;	F:\MasterLab\go-ethereum\src\github.com\SINTEF-9012\gosm (from $GOPATH)&#10;" type="org.aiotml.testing.errors.AiotMLExecutionError">org.aiotml.testing.errors.AiotMLExecutionError: 
Test execution - Non-zero return value
[stdout]

[stderr]
testconfiguration_generated.go:4:2: cannot find package "github.com/SINTEF-9012/gosm" in any of:
	D:\Go\src\github.com\SINTEF-9012\gosm (from $GOROOT)
	F:\MasterLab\go-ethereum\src\github.com\SINTEF-9012\gosm (from $GOPATH)

</failure>
  </testcase>
  <testcase name="NodeJS [testArraysInit5]" classname="testArraysInit5 [General.Arrays]" time="0.001">
    <failure message="Cannot run compiler&apos;nodejs&apos; on the current platform" type="org.aiotml.testing.errors.AiotMLTestCaseCompilerError">org.aiotml.testing.errors.AiotMLTestCaseCompilerError: Cannot run compiler'nodejs' on the current platform
Caused by: org.aiotml.testing.errors.AiotMLExecutionError: 
node -v - Non-zero return value
[stdout]

[stderr]
'node' �����ڲ����ⲿ���Ҳ���ǿ����еĳ���
���������ļ���

</failure>
  </testcase>
  <testcase name="Java [testArraysInit5]" classname="testArraysInit5 [General.Arrays]" time="0.001">
    <failure message="Cannot run compiler&apos;java&apos; on the current platform" type="org.aiotml.testing.errors.AiotMLTestCaseCompilerError">org.aiotml.testing.errors.AiotMLTestCaseCompilerError: Cannot run compiler'java' on the current platform
Caused by: org.aiotml.testing.errors.AiotMLExecutionError: 
mvn -v - Non-zero return value
[stdout]

[stderr]
'mvn' �����ڲ����ⲿ���Ҳ���ǿ����еĳ���
���������ļ���

</failure>
  </testcase>
  <testcase name="Posix [testArraysInit5]" classname="testArraysInit5 [General.Arrays]" time="0.002">
    <failure message="Cannot run compiler&apos;posix&apos; on the current platform" type="org.aiotml.testing.errors.AiotMLTestCaseCompilerError">org.aiotml.testing.errors.AiotMLTestCaseCompilerError: Cannot run compiler'posix' on the current platform
Caused by: org.aiotml.testing.errors.AiotMLExecutionError: 
make -v - Non-zero return value
[stdout]

[stderr]
'make' �����ڲ����ⲿ���Ҳ���ǿ����еĳ���
���������ļ���

</failure>
  </testcase>
  <testcase name="PosixMT [testArraysInit5]" classname="testArraysInit5 [General.Arrays]" time="0.002">
    <failure message="Cannot run compiler&apos;posixmt&apos; on the current platform" type="org.aiotml.testing.errors.AiotMLTestCaseCompilerError">org.aiotml.testing.errors.AiotMLTestCaseCompilerError: Cannot run compiler'posixmt' on the current platform
Caused by: org.aiotml.testing.errors.AiotMLExecutionError: 
make -v - Non-zero return value
[stdout]

[stderr]
'make' �����ڲ����ⲿ���Ҳ���ǿ����еĳ���
���������ļ���

</failure>
  </testcase>
  <testcase name="Go [testArraysInit3]" classname="testArraysInit3 [General.Arrays]" time="0.194">
    <failure message="Test execution - Non-zero return value&#10;[stdout]&#10;&#10;[stderr]&#10;testconfiguration_generated.go:4:2: cannot find package &quot;github.com/SINTEF-9012/gosm&quot; in any of:&#10;	D:\Go\src\github.com\SINTEF-9012\gosm (from $GOROOT)&#10;	F:\MasterLab\go-ethereum\src\github.com\SINTEF-9012\gosm (from $GOPATH)&#10;" type="org.aiotml.testing.errors.AiotMLExecutionError">org.aiotml.testing.errors.AiotMLExecutionError: 
Test execution - Non-zero return value
[stdout]

[stderr]
testconfiguration_generated.go:4:2: cannot find package "github.com/SINTEF-9012/gosm" in any of:
	D:\Go\src\github.com\SINTEF-9012\gosm (from $GOROOT)
	F:\MasterLab\go-ethereum\src\github.com\SINTEF-9012\gosm (from $GOPATH)

</failure>
  </testcase>
  <testcase name="NodeJS [testArraysInit4]" classname="testArraysInit4 [General.Arrays]" time="0.083">
    <failure message="Cannot run compiler&apos;nodejs&apos; on the current platform" type="org.aiotml.testing.errors.AiotMLTestCaseCompilerError">org.aiotml.testing.errors.AiotMLTestCaseCompilerError: Cannot run compiler'nodejs' on the current platform
Caused by: org.aiotml.testing.errors.AiotMLExecutionError: 
node -v - Non-zero return value
[stdout]

[stderr]
'node' �����ڲ����ⲿ���Ҳ���ǿ����еĳ���
���������ļ���

</failure>
  </testcase>
  <testcase name="Java [testArraysInit4]" classname="testArraysInit4 [General.Arrays]" time="0.001">
    <failure message="Cannot run compiler&apos;java&apos; on the current platform" type="org.aiotml.testing.errors.AiotMLTestCaseCompilerError">org.aiotml.testing.errors.AiotMLTestCaseCompilerError: Cannot run compiler'java' on the current platform
Caused by: org.aiotml.testing.errors.AiotMLExecutionError: 
mvn -v - Non-zero return value
[stdout]

[stderr]
'mvn' �����ڲ����ⲿ���Ҳ���ǿ����еĳ���
���������ļ���

</failure>
  </testcase>
  <testcase name="Posix [testArraysInit4]" classname="testArraysInit4 [General.Arrays]" time="0.001">
    <failure message="Cannot run compiler&apos;posix&apos; on the current platform" type="org.aiotml.testing.errors.AiotMLTestCaseCompilerError">org.aiotml.testing.errors.AiotMLTestCaseCompilerError: Cannot run compiler'posix' on the current platform
Caused by: org.aiotml.testing.errors.AiotMLExecutionError: 
make -v - Non-zero return value
[stdout]

[stderr]
'make' �����ڲ����ⲿ���Ҳ���ǿ����еĳ���
���������ļ���

</failure>
  </testcase>
  <testcase name="PosixMT [testArraysInit4]" classname="testArraysInit4 [General.Arrays]" time="0.002">
    <failure message="Cannot run compiler&apos;posixmt&apos; on the current platform" type="org.aiotml.testing.errors.AiotMLTestCaseCompilerError">org.aiotml.testing.errors.AiotMLTestCaseCompilerError: Cannot run compiler'posixmt' on the current platform
Caused by: org.aiotml.testing.errors.AiotMLExecutionError: 
make -v - Non-zero return value
[stdout]

[stderr]
'make' �����ڲ����ⲿ���Ҳ���ǿ����еĳ���
���������ļ���

</failure>
  </testcase>
  <testcase name="Go [testArraysInit2]" classname="testArraysInit2 [General.Arrays]" time="0.977">
    <failure message="Test execution - Non-zero return value&#10;[stdout]&#10;&#10;[stderr]&#10;testconfiguration_generated.go:4:2: cannot find package &quot;github.com/SINTEF-9012/gosm&quot; in any of:&#10;	D:\Go\src\github.com\SINTEF-9012\gosm (from $GOROOT)&#10;	F:\MasterLab\go-ethereum\src\github.com\SINTEF-9012\gosm (from $GOPATH)&#10;" type="org.aiotml.testing.errors.AiotMLExecutionError">org.aiotml.testing.errors.AiotMLExecutionError: 
Test execution - Non-zero return value
[stdout]

[stderr]
testconfiguration_generated.go:4:2: cannot find package "github.com/SINTEF-9012/gosm" in any of:
	D:\Go\src\github.com\SINTEF-9012\gosm (from $GOROOT)
	F:\MasterLab\go-ethereum\src\github.com\SINTEF-9012\gosm (from $GOPATH)

</failure>
    <system-out><![CDATA[TODO: Type checking for org.aiotml.xtext.aiotML.impl.ArrayInitImpl
]]></system-out>
  </testcase>
  <testcase name="NodeJS [testFor2]" classname="testFor2 [General.Arrays]" time="0">
    <failure message="Cannot run compiler&apos;nodejs&apos; on the current platform" type="org.aiotml.testing.errors.AiotMLTestCaseCompilerError">org.aiotml.testing.errors.AiotMLTestCaseCompilerError: Cannot run compiler'nodejs' on the current platform
Caused by: org.aiotml.testing.errors.AiotMLExecutionError: 
node -v - Non-zero return value
[stdout]

[stderr]
'node' �����ڲ����ⲿ���Ҳ���ǿ����еĳ���
���������ļ���

</failure>
  </testcase>
  <testcase name="Java [testFor2]" classname="testFor2 [General.Arrays]" time="0">
    <failure message="Cannot run compiler&apos;java&apos; on the current platform" type="org.aiotml.testing.errors.AiotMLTestCaseCompilerError">org.aiotml.testing.errors.AiotMLTestCaseCompilerError: Cannot run compiler'java' on the current platform
Caused by: org.aiotml.testing.errors.AiotMLExecutionError: 
mvn -v - Non-zero return value
[stdout]

[stderr]
'mvn' �����ڲ����ⲿ���Ҳ���ǿ����еĳ���
���������ļ���

</failure>
  </testcase>
  <testcase name="Posix [testFor2]" classname="testFor2 [General.Arrays]" time="0">
    <failure message="Cannot run compiler&apos;posix&apos; on the current platform" type="org.aiotml.testing.errors.AiotMLTestCaseCompilerError">org.aiotml.testing.errors.AiotMLTestCaseCompilerError: Cannot run compiler'posix' on the current platform
Caused by: org.aiotml.testing.errors.AiotMLExecutionError: 
make -v - Non-zero return value
[stdout]

[stderr]
'make' �����ڲ����ⲿ���Ҳ���ǿ����еĳ���
���������ļ���

</failure>
  </testcase>
  <testcase name="PosixMT [testFor2]" classname="testFor2 [General.Arrays]" time="0">
    <failure message="Cannot run compiler&apos;posixmt&apos; on the current platform" type="org.aiotml.testing.errors.AiotMLTestCaseCompilerError">org.aiotml.testing.errors.AiotMLTestCaseCompilerError: Cannot run compiler'posixmt' on the current platform
Caused by: org.aiotml.testing.errors.AiotMLExecutionError: 
make -v - Non-zero return value
[stdout]

[stderr]
'make' �����ڲ����ⲿ���Ҳ���ǿ����еĳ���
���������ļ���

</failure>
  </testcase>
  <testcase name="Go [testArraysInit5]" classname="testArraysInit5 [General.Arrays]" time="0.235">
    <failure message="Test execution - Non-zero return value&#10;[stdout]&#10;&#10;[stderr]&#10;testconfiguration_generated.go:4:2: cannot find package &quot;github.com/SINTEF-9012/gosm&quot; in any of:&#10;	D:\Go\src\github.com\SINTEF-9012\gosm (from $GOROOT)&#10;	F:\MasterLab\go-ethereum\src\github.com\SINTEF-9012\gosm (from $GOPATH)&#10;" type="org.aiotml.testing.errors.AiotMLExecutionError">org.aiotml.testing.errors.AiotMLExecutionError: 
Test execution - Non-zero return value
[stdout]

[stderr]
testconfiguration_generated.go:4:2: cannot find package "github.com/SINTEF-9012/gosm" in any of:
	D:\Go\src\github.com\SINTEF-9012\gosm (from $GOROOT)
	F:\MasterLab\go-ethereum\src\github.com\SINTEF-9012\gosm (from $GOPATH)

</failure>
  </testcase>
  <testcase name="NodeJS [testFor]" classname="testFor [General.Arrays]" time="0.093">
    <failure message="Cannot run compiler&apos;nodejs&apos; on the current platform" type="org.aiotml.testing.errors.AiotMLTestCaseCompilerError">org.aiotml.testing.errors.AiotMLTestCaseCompilerError: Cannot run compiler'nodejs' on the current platform
Caused by: org.aiotml.testing.errors.AiotMLExecutionError: 
node -v - Non-zero return value
[stdout]

[stderr]
'node' �����ڲ����ⲿ���Ҳ���ǿ����еĳ���
���������ļ���

</failure>
  </testcase>
  <testcase name="Java [testFor]" classname="testFor [General.Arrays]" time="0">
    <failure message="Cannot run compiler&apos;java&apos; on the current platform" type="org.aiotml.testing.errors.AiotMLTestCaseCompilerError">org.aiotml.testing.errors.AiotMLTestCaseCompilerError: Cannot run compiler'java' on the current platform
Caused by: org.aiotml.testing.errors.AiotMLExecutionError: 
mvn -v - Non-zero return value
[stdout]

[stderr]
'mvn' �����ڲ����ⲿ���Ҳ���ǿ����еĳ���
���������ļ���

</failure>
  </testcase>
  <testcase name="Posix [testFor]" classname="testFor [General.Arrays]" time="0">
    <failure message="Cannot run compiler&apos;posix&apos; on the current platform" type="org.aiotml.testing.errors.AiotMLTestCaseCompilerError">org.aiotml.testing.errors.AiotMLTestCaseCompilerError: Cannot run compiler'posix' on the current platform
Caused by: org.aiotml.testing.errors.AiotMLExecutionError: 
make -v - Non-zero return value
[stdout]

[stderr]
'make' �����ڲ����ⲿ���Ҳ���ǿ����еĳ���
���������ļ���

</failure>
  </testcase>
  <testcase name="PosixMT [testFor]" classname="testFor [General.Arrays]" time="0">
    <failure message="Cannot run compiler&apos;posixmt&apos; on the current platform" type="org.aiotml.testing.errors.AiotMLTestCaseCompilerError">org.aiotml.testing.errors.AiotMLTestCaseCompilerError: Cannot run compiler'posixmt' on the current platform
Caused by: org.aiotml.testing.errors.AiotMLExecutionError: 
make -v - Non-zero return value
[stdout]

[stderr]
'make' �����ڲ����ⲿ���Ҳ���ǿ����еĳ���
���������ļ���

</failure>
  </testcase>
  <testcase name="Go [testArraysInit4]" classname="testArraysInit4 [General.Arrays]" time="0">
    <failure message="Test execution - Non-zero return value&#10;[stdout]&#10;&#10;[stderr]&#10;testconfiguration_generated.go:4:2: cannot find package &quot;github.com/SINTEF-9012/gosm&quot; in any of:&#10;	D:\Go\src\github.com\SINTEF-9012\gosm (from $GOROOT)&#10;	F:\MasterLab\go-ethereum\src\github.com\SINTEF-9012\gosm (from $GOPATH)&#10;" type="org.aiotml.testing.errors.AiotMLExecutionError">org.aiotml.testing.errors.AiotMLExecutionError: 
Test execution - Non-zero return value
[stdout]

[stderr]
testconfiguration_generated.go:4:2: cannot find package "github.com/SINTEF-9012/gosm" in any of:
	D:\Go\src\github.com\SINTEF-9012\gosm (from $GOROOT)
	F:\MasterLab\go-ethereum\src\github.com\SINTEF-9012\gosm (from $GOPATH)

</failure>
  </testcase>
  <testcase name="NodeJS [testMessageArrays]" classname="testMessageArrays [General.Arrays]" time="0.002">
    <failure message="Cannot run compiler&apos;nodejs&apos; on the current platform" type="org.aiotml.testing.errors.AiotMLTestCaseCompilerError">org.aiotml.testing.errors.AiotMLTestCaseCompilerError: Cannot run compiler'nodejs' on the current platform
Caused by: org.aiotml.testing.errors.AiotMLExecutionError: 
node -v - Non-zero return value
[stdout]

[stderr]
'node' �����ڲ����ⲿ���Ҳ���ǿ����еĳ���
���������ļ���

</failure>
  </testcase>
  <testcase name="Java [testMessageArrays]" classname="testMessageArrays [General.Arrays]" time="0.001">
    <failure message="Cannot run compiler&apos;java&apos; on the current platform" type="org.aiotml.testing.errors.AiotMLTestCaseCompilerError">org.aiotml.testing.errors.AiotMLTestCaseCompilerError: Cannot run compiler'java' on the current platform
Caused by: org.aiotml.testing.errors.AiotMLExecutionError: 
mvn -v - Non-zero return value
[stdout]

[stderr]
'mvn' �����ڲ����ⲿ���Ҳ���ǿ����еĳ���
���������ļ���

</failure>
  </testcase>
  <testcase name="Posix [testMessageArrays]" classname="testMessageArrays [General.Arrays]" time="0.001">
    <failure message="Cannot run compiler&apos;posix&apos; on the current platform" type="org.aiotml.testing.errors.AiotMLTestCaseCompilerError">org.aiotml.testing.errors.AiotMLTestCaseCompilerError: Cannot run compiler'posix' on the current platform
Caused by: org.aiotml.testing.errors.AiotMLExecutionError: 
make -v - Non-zero return value
[stdout]

[stderr]
'make' �����ڲ����ⲿ���Ҳ���ǿ����еĳ���
���������ļ���

</failure>
  </testcase>
  <testcase name="PosixMT [testMessageArrays]" classname="testMessageArrays [General.Arrays]" time="0.001">
    <failure message="Cannot run compiler&apos;posixmt&apos; on the current platform" type="org.aiotml.testing.errors.AiotMLTestCaseCompilerError">org.aiotml.testing.errors.AiotMLTestCaseCompilerError: Cannot run compiler'posixmt' on the current platform
Caused by: org.aiotml.testing.errors.AiotMLExecutionError: 
make -v - Non-zero return value
[stdout]

[stderr]
'make' �����ڲ����ⲿ���Ҳ���ǿ����еĳ���
���������ļ���

</failure>
  </testcase>
  <testcase name="Go [testFor2]" classname="testFor2 [General.Arrays]" time="0.558">
    <failure message="Test execution - Non-zero return value&#10;[stdout]&#10;&#10;[stderr]&#10;testconfiguration_generated.go:4:2: cannot find package &quot;github.com/SINTEF-9012/gosm&quot; in any of:&#10;	D:\Go\src\github.com\SINTEF-9012\gosm (from $GOROOT)&#10;	F:\MasterLab\go-ethereum\src\github.com\SINTEF-9012\gosm (from $GOPATH)&#10;" type="org.aiotml.testing.errors.AiotMLExecutionError">org.aiotml.testing.errors.AiotMLExecutionError: 
Test execution - Non-zero return value
[stdout]

[stderr]
testconfiguration_generated.go:4:2: cannot find package "github.com/SINTEF-9012/gosm" in any of:
	D:\Go\src\github.com\SINTEF-9012\gosm (from $GOROOT)
	F:\MasterLab\go-ethereum\src\github.com\SINTEF-9012\gosm (from $GOPATH)

</failure>
  </testcase>
  <testcase name="NodeJS [testFunctionArrays]" classname="testFunctionArrays [General.Arrays]" time="0.141">
    <failure message="Cannot run compiler&apos;nodejs&apos; on the current platform" type="org.aiotml.testing.errors.AiotMLTestCaseCompilerError">org.aiotml.testing.errors.AiotMLTestCaseCompilerError: Cannot run compiler'nodejs' on the current platform
Caused by: org.aiotml.testing.errors.AiotMLExecutionError: 
node -v - Non-zero return value
[stdout]

[stderr]
'node' �����ڲ����ⲿ���Ҳ���ǿ����еĳ���
���������ļ���

</failure>
  </testcase>
  <testcase name="Java [testFunctionArrays]" classname="testFunctionArrays [General.Arrays]" time="0">
    <failure message="Cannot run compiler&apos;java&apos; on the current platform" type="org.aiotml.testing.errors.AiotMLTestCaseCompilerError">org.aiotml.testing.errors.AiotMLTestCaseCompilerError: Cannot run compiler'java' on the current platform
Caused by: org.aiotml.testing.errors.AiotMLExecutionError: 
mvn -v - Non-zero return value
[stdout]

[stderr]
'mvn' �����ڲ����ⲿ���Ҳ���ǿ����еĳ���
���������ļ���

</failure>
  </testcase>
  <testcase name="Posix [testFunctionArrays]" classname="testFunctionArrays [General.Arrays]" time="0">
    <failure message="Cannot run compiler&apos;posix&apos; on the current platform" type="org.aiotml.testing.errors.AiotMLTestCaseCompilerError">org.aiotml.testing.errors.AiotMLTestCaseCompilerError: Cannot run compiler'posix' on the current platform
Caused by: org.aiotml.testing.errors.AiotMLExecutionError: 
make -v - Non-zero return value
[stdout]

[stderr]
'make' �����ڲ����ⲿ���Ҳ���ǿ����еĳ���
���������ļ���

</failure>
  </testcase>
  <testcase name="PosixMT [testFunctionArrays]" classname="testFunctionArrays [General.Arrays]" time="0">
    <failure message="Cannot run compiler&apos;posixmt&apos; on the current platform" type="org.aiotml.testing.errors.AiotMLTestCaseCompilerError">org.aiotml.testing.errors.AiotMLTestCaseCompilerError: Cannot run compiler'posixmt' on the current platform
Caused by: org.aiotml.testing.errors.AiotMLExecutionError: 
make -v - Non-zero return value
[stdout]

[stderr]
'make' �����ڲ����ⲿ���Ҳ���ǿ����еĳ���
���������ļ���

</failure>
  </testcase>
  <testcase name="Go [testFor]" classname="testFor [General.Arrays]" time="0.319">
    <failure message="Test execution - Non-zero return value&#10;[stdout]&#10;&#10;[stderr]&#10;testconfiguration_generated.go:4:2: cannot find package &quot;github.com/SINTEF-9012/gosm&quot; in any of:&#10;	D:\Go\src\github.com\SINTEF-9012\gosm (from $GOROOT)&#10;	F:\MasterLab\go-ethereum\src\github.com\SINTEF-9012\gosm (from $GOPATH)&#10;" type="org.aiotml.testing.errors.AiotMLExecutionError">org.aiotml.testing.errors.AiotMLExecutionError: 
Test execution - Non-zero return value
[stdout]

[stderr]
testconfiguration_generated.go:4:2: cannot find package "github.com/SINTEF-9012/gosm" in any of:
	D:\Go\src\github.com\SINTEF-9012\gosm (from $GOROOT)
	F:\MasterLab\go-ethereum\src\github.com\SINTEF-9012\gosm (from $GOPATH)

</failure>
  </testcase>
  <testcase name="NodeJS [testImportMsgs]" classname="testImportMsgs [General.Import]" time="0.122">
    <failure message="Cannot run compiler&apos;nodejs&apos; on the current platform" type="org.aiotml.testing.errors.AiotMLTestCaseCompilerError">org.aiotml.testing.errors.AiotMLTestCaseCompilerError: Cannot run compiler'nodejs' on the current platform
Caused by: org.aiotml.testing.errors.AiotMLExecutionError: 
node -v - Non-zero return value
[stdout]

[stderr]
'node' �����ڲ����ⲿ���Ҳ���ǿ����еĳ���
���������ļ���

</failure>
  </testcase>
  <testcase name="Java [testImportMsgs]" classname="testImportMsgs [General.Import]" time="0">
    <failure message="Cannot run compiler&apos;java&apos; on the current platform" type="org.aiotml.testing.errors.AiotMLTestCaseCompilerError">org.aiotml.testing.errors.AiotMLTestCaseCompilerError: Cannot run compiler'java' on the current platform
Caused by: org.aiotml.testing.errors.AiotMLExecutionError: 
mvn -v - Non-zero return value
[stdout]

[stderr]
'mvn' �����ڲ����ⲿ���Ҳ���ǿ����еĳ���
���������ļ���

</failure>
  </testcase>
  <testcase name="Posix [testImportMsgs]" classname="testImportMsgs [General.Import]" time="0">
    <failure message="Cannot run compiler&apos;posix&apos; on the current platform" type="org.aiotml.testing.errors.AiotMLTestCaseCompilerError">org.aiotml.testing.errors.AiotMLTestCaseCompilerError: Cannot run compiler'posix' on the current platform
Caused by: org.aiotml.testing.errors.AiotMLExecutionError: 
make -v - Non-zero return value
[stdout]

[stderr]
'make' �����ڲ����ⲿ���Ҳ���ǿ����еĳ���
���������ļ���

</failure>
  </testcase>
  <testcase name="PosixMT [testImportMsgs]" classname="testImportMsgs [General.Import]" time="0">
    <failure message="Cannot run compiler&apos;posixmt&apos; on the current platform" type="org.aiotml.testing.errors.AiotMLTestCaseCompilerError">org.aiotml.testing.errors.AiotMLTestCaseCompilerError: Cannot run compiler'posixmt' on the current platform
Caused by: org.aiotml.testing.errors.AiotMLExecutionError: 
make -v - Non-zero return value
[stdout]

[stderr]
'make' �����ڲ����ⲿ���Ҳ���ǿ����еĳ���
���������ļ���

</failure>
  </testcase>
  <testcase name="Go [testMessageArrays]" classname="testMessageArrays [General.Arrays]" time="0.141">
    <failure message="Test execution - Non-zero return value&#10;[stdout]&#10;&#10;[stderr]&#10;testconfiguration_generated.go:4:2: cannot find package &quot;github.com/SINTEF-9012/gosm&quot; in any of:&#10;	D:\Go\src\github.com\SINTEF-9012\gosm (from $GOROOT)&#10;	F:\MasterLab\go-ethereum\src\github.com\SINTEF-9012\gosm (from $GOPATH)&#10;" type="org.aiotml.testing.errors.AiotMLExecutionError">org.aiotml.testing.errors.AiotMLExecutionError: 
Test execution - Non-zero return value
[stdout]

[stderr]
testconfiguration_generated.go:4:2: cannot find package "github.com/SINTEF-9012/gosm" in any of:
	D:\Go\src\github.com\SINTEF-9012\gosm (from $GOROOT)
	F:\MasterLab\go-ethereum\src\github.com\SINTEF-9012\gosm (from $GOPATH)

</failure>
  </testcase>
  <testcase name="NodeJS [testImportFunction]" classname="testImportFunction [General.Import]" time="0.002">
    <failure message="Cannot run compiler&apos;nodejs&apos; on the current platform" type="org.aiotml.testing.errors.AiotMLTestCaseCompilerError">org.aiotml.testing.errors.AiotMLTestCaseCompilerError: Cannot run compiler'nodejs' on the current platform
Caused by: org.aiotml.testing.errors.AiotMLExecutionError: 
node -v - Non-zero return value
[stdout]

[stderr]
'node' �����ڲ����ⲿ���Ҳ���ǿ����еĳ���
���������ļ���

</failure>
  </testcase>
  <testcase name="Java [testImportFunction]" classname="testImportFunction [General.Import]" time="0.002">
    <failure message="Cannot run compiler&apos;java&apos; on the current platform" type="org.aiotml.testing.errors.AiotMLTestCaseCompilerError">org.aiotml.testing.errors.AiotMLTestCaseCompilerError: Cannot run compiler'java' on the current platform
Caused by: org.aiotml.testing.errors.AiotMLExecutionError: 
mvn -v - Non-zero return value
[stdout]

[stderr]
'mvn' �����ڲ����ⲿ���Ҳ���ǿ����еĳ���
���������ļ���

</failure>
  </testcase>
  <testcase name="Posix [testImportFunction]" classname="testImportFunction [General.Import]" time="0.003">
    <failure message="Cannot run compiler&apos;posix&apos; on the current platform" type="org.aiotml.testing.errors.AiotMLTestCaseCompilerError">org.aiotml.testing.errors.AiotMLTestCaseCompilerError: Cannot run compiler'posix' on the current platform
Caused by: org.aiotml.testing.errors.AiotMLExecutionError: 
make -v - Non-zero return value
[stdout]

[stderr]
'make' �����ڲ����ⲿ���Ҳ���ǿ����еĳ���
���������ļ���

</failure>
  </testcase>
  <testcase name="PosixMT [testImportFunction]" classname="testImportFunction [General.Import]" time="0.001">
    <failure message="Cannot run compiler&apos;posixmt&apos; on the current platform" type="org.aiotml.testing.errors.AiotMLTestCaseCompilerError">org.aiotml.testing.errors.AiotMLTestCaseCompilerError: Cannot run compiler'posixmt' on the current platform
Caused by: org.aiotml.testing.errors.AiotMLExecutionError: 
make -v - Non-zero return value
[stdout]

[stderr]
'make' �����ڲ����ⲿ���Ҳ���ǿ����еĳ���
���������ļ���

</failure>
  </testcase>
  <testcase name="Go [testFunctionArrays]" classname="testFunctionArrays [General.Arrays]" time="0.458">
    <failure message="Test execution - Non-zero return value&#10;[stdout]&#10;&#10;[stderr]&#10;testconfiguration_generated.go:4:2: cannot find package &quot;github.com/SINTEF-9012/gosm&quot; in any of:&#10;	D:\Go\src\github.com\SINTEF-9012\gosm (from $GOROOT)&#10;	F:\MasterLab\go-ethereum\src\github.com\SINTEF-9012\gosm (from $GOPATH)&#10;" type="org.aiotml.testing.errors.AiotMLExecutionError">org.aiotml.testing.errors.AiotMLExecutionError: 
Test execution - Non-zero return value
[stdout]

[stderr]
testconfiguration_generated.go:4:2: cannot find package "github.com/SINTEF-9012/gosm" in any of:
	D:\Go\src\github.com\SINTEF-9012\gosm (from $GOROOT)
	F:\MasterLab\go-ethereum\src\github.com\SINTEF-9012\gosm (from $GOPATH)

</failure>
  </testcase>
  <testcase name="NodeJS [testImportProperties]" classname="testImportProperties [General.Import]" time="0.002">
    <failure message="Cannot run compiler&apos;nodejs&apos; on the current platform" type="org.aiotml.testing.errors.AiotMLTestCaseCompilerError">org.aiotml.testing.errors.AiotMLTestCaseCompilerError: Cannot run compiler'nodejs' on the current platform
Caused by: org.aiotml.testing.errors.AiotMLExecutionError: 
node -v - Non-zero return value
[stdout]

[stderr]
'node' �����ڲ����ⲿ���Ҳ���ǿ����еĳ���
���������ļ���

</failure>
  </testcase>
  <testcase name="Java [testImportProperties]" classname="testImportProperties [General.Import]" time="0.001">
    <failure message="Cannot run compiler&apos;java&apos; on the current platform" type="org.aiotml.testing.errors.AiotMLTestCaseCompilerError">org.aiotml.testing.errors.AiotMLTestCaseCompilerError: Cannot run compiler'java' on the current platform
Caused by: org.aiotml.testing.errors.AiotMLExecutionError: 
mvn -v - Non-zero return value
[stdout]

[stderr]
'mvn' �����ڲ����ⲿ���Ҳ���ǿ����еĳ���
���������ļ���

</failure>
  </testcase>
  <testcase name="Posix [testImportProperties]" classname="testImportProperties [General.Import]" time="0.001">
    <failure message="Cannot run compiler&apos;posix&apos; on the current platform" type="org.aiotml.testing.errors.AiotMLTestCaseCompilerError">org.aiotml.testing.errors.AiotMLTestCaseCompilerError: Cannot run compiler'posix' on the current platform
Caused by: org.aiotml.testing.errors.AiotMLExecutionError: 
make -v - Non-zero return value
[stdout]

[stderr]
'make' �����ڲ����ⲿ���Ҳ���ǿ����еĳ���
���������ļ���

</failure>
  </testcase>
  <testcase name="PosixMT [testImportProperties]" classname="testImportProperties [General.Import]" time="0.001">
    <failure message="Cannot run compiler&apos;posixmt&apos; on the current platform" type="org.aiotml.testing.errors.AiotMLTestCaseCompilerError">org.aiotml.testing.errors.AiotMLTestCaseCompilerError: Cannot run compiler'posixmt' on the current platform
Caused by: org.aiotml.testing.errors.AiotMLExecutionError: 
make -v - Non-zero return value
[stdout]

[stderr]
'make' �����ڲ����ⲿ���Ҳ���ǿ����еĳ���
���������ļ���

</failure>
  </testcase>
  <testcase name="Go [testImportMsgs]" classname="testImportMsgs [General.Import]" time="0.614">
    <failure message="Test execution - Non-zero return value&#10;[stdout]&#10;&#10;[stderr]&#10;testconfiguration_generated.go:4:2: cannot find package &quot;github.com/SINTEF-9012/gosm&quot; in any of:&#10;	D:\Go\src\github.com\SINTEF-9012\gosm (from $GOROOT)&#10;	F:\MasterLab\go-ethereum\src\github.com\SINTEF-9012\gosm (from $GOPATH)&#10;" type="org.aiotml.testing.errors.AiotMLExecutionError">org.aiotml.testing.errors.AiotMLExecutionError: 
Test execution - Non-zero return value
[stdout]

[stderr]
testconfiguration_generated.go:4:2: cannot find package "github.com/SINTEF-9012/gosm" in any of:
	D:\Go\src\github.com\SINTEF-9012\gosm (from $GOROOT)
	F:\MasterLab\go-ethereum\src\github.com\SINTEF-9012\gosm (from $GOPATH)

</failure>
  </testcase>
  <testcase name="NodeJS [testImportPort]" classname="testImportPort [General.Import]" time="0.001">
    <failure message="Cannot run compiler&apos;nodejs&apos; on the current platform" type="org.aiotml.testing.errors.AiotMLTestCaseCompilerError">org.aiotml.testing.errors.AiotMLTestCaseCompilerError: Cannot run compiler'nodejs' on the current platform
Caused by: org.aiotml.testing.errors.AiotMLExecutionError: 
node -v - Non-zero return value
[stdout]

[stderr]
'node' �����ڲ����ⲿ���Ҳ���ǿ����еĳ���
���������ļ���

</failure>
  </testcase>
  <testcase name="Java [testImportPort]" classname="testImportPort [General.Import]" time="0.002">
    <failure message="Cannot run compiler&apos;java&apos; on the current platform" type="org.aiotml.testing.errors.AiotMLTestCaseCompilerError">org.aiotml.testing.errors.AiotMLTestCaseCompilerError: Cannot run compiler'java' on the current platform
Caused by: org.aiotml.testing.errors.AiotMLExecutionError: 
mvn -v - Non-zero return value
[stdout]

[stderr]
'mvn' �����ڲ����ⲿ���Ҳ���ǿ����еĳ���
���������ļ���

</failure>
  </testcase>
  <testcase name="Posix [testImportPort]" classname="testImportPort [General.Import]" time="0.001">
    <failure message="Cannot run compiler&apos;posix&apos; on the current platform" type="org.aiotml.testing.errors.AiotMLTestCaseCompilerError">org.aiotml.testing.errors.AiotMLTestCaseCompilerError: Cannot run compiler'posix' on the current platform
Caused by: org.aiotml.testing.errors.AiotMLExecutionError: 
make -v - Non-zero return value
[stdout]

[stderr]
'make' �����ڲ����ⲿ���Ҳ���ǿ����еĳ���
���������ļ���

</failure>
  </testcase>
  <testcase name="PosixMT [testImportPort]" classname="testImportPort [General.Import]" time="0.001">
    <failure message="Cannot run compiler&apos;posixmt&apos; on the current platform" type="org.aiotml.testing.errors.AiotMLTestCaseCompilerError">org.aiotml.testing.errors.AiotMLTestCaseCompilerError: Cannot run compiler'posixmt' on the current platform
Caused by: org.aiotml.testing.errors.AiotMLExecutionError: 
make -v - Non-zero return value
[stdout]

[stderr]
'make' �����ڲ����ⲿ���Ҳ���ǿ����еĳ���
���������ļ���

</failure>
  </testcase>
  <testcase name="Go [testImportFunction]" classname="testImportFunction [General.Import]" time="0.05">
    <failure message="Test execution - Non-zero return value&#10;[stdout]&#10;&#10;[stderr]&#10;testconfiguration_generated.go:4:2: cannot find package &quot;github.com/SINTEF-9012/gosm&quot; in any of:&#10;	D:\Go\src\github.com\SINTEF-9012\gosm (from $GOROOT)&#10;	F:\MasterLab\go-ethereum\src\github.com\SINTEF-9012\gosm (from $GOPATH)&#10;" type="org.aiotml.testing.errors.AiotMLExecutionError">org.aiotml.testing.errors.AiotMLExecutionError: 
Test execution - Non-zero return value
[stdout]

[stderr]
testconfiguration_generated.go:4:2: cannot find package "github.com/SINTEF-9012/gosm" in any of:
	D:\Go\src\github.com\SINTEF-9012\gosm (from $GOROOT)
	F:\MasterLab\go-ethereum\src\github.com\SINTEF-9012\gosm (from $GOPATH)

</failure>
  </testcase>
  <testcase name="NodeJS [testArithmetic]" classname="testArithmetic [General.Others]" time="0.002">
    <failure message="Cannot run compiler&apos;nodejs&apos; on the current platform" type="org.aiotml.testing.errors.AiotMLTestCaseCompilerError">org.aiotml.testing.errors.AiotMLTestCaseCompilerError: Cannot run compiler'nodejs' on the current platform
Caused by: org.aiotml.testing.errors.AiotMLExecutionError: 
node -v - Non-zero return value
[stdout]

[stderr]
'node' �����ڲ����ⲿ���Ҳ���ǿ����еĳ���
���������ļ���

</failure>
  </testcase>
  <testcase name="Java [testArithmetic]" classname="testArithmetic [General.Others]" time="0.002">
    <failure message="Cannot run compiler&apos;java&apos; on the current platform" type="org.aiotml.testing.errors.AiotMLTestCaseCompilerError">org.aiotml.testing.errors.AiotMLTestCaseCompilerError: Cannot run compiler'java' on the current platform
Caused by: org.aiotml.testing.errors.AiotMLExecutionError: 
mvn -v - Non-zero return value
[stdout]

[stderr]
'mvn' �����ڲ����ⲿ���Ҳ���ǿ����еĳ���
���������ļ���

</failure>
  </testcase>
  <testcase name="Posix [testArithmetic]" classname="testArithmetic [General.Others]" time="0.004">
    <failure message="Cannot run compiler&apos;posix&apos; on the current platform" type="org.aiotml.testing.errors.AiotMLTestCaseCompilerError">org.aiotml.testing.errors.AiotMLTestCaseCompilerError: Cannot run compiler'posix' on the current platform
Caused by: org.aiotml.testing.errors.AiotMLExecutionError: 
make -v - Non-zero return value
[stdout]

[stderr]
'make' �����ڲ����ⲿ���Ҳ���ǿ����еĳ���
���������ļ���

</failure>
  </testcase>
  <testcase name="PosixMT [testArithmetic]" classname="testArithmetic [General.Others]" time="0.001">
    <failure message="Cannot run compiler&apos;posixmt&apos; on the current platform" type="org.aiotml.testing.errors.AiotMLTestCaseCompilerError">org.aiotml.testing.errors.AiotMLTestCaseCompilerError: Cannot run compiler'posixmt' on the current platform
Caused by: org.aiotml.testing.errors.AiotMLExecutionError: 
make -v - Non-zero return value
[stdout]

[stderr]
'make' �����ڲ����ⲿ���Ҳ���ǿ����еĳ���
���������ļ���

</failure>
  </testcase>
  <testcase name="Go [testImportProperties]" classname="testImportProperties [General.Import]" time="0.205">
    <failure message="Test execution - Non-zero return value&#10;[stdout]&#10;&#10;[stderr]&#10;testconfiguration_generated.go:4:2: cannot find package &quot;github.com/SINTEF-9012/gosm&quot; in any of:&#10;	D:\Go\src\github.com\SINTEF-9012\gosm (from $GOROOT)&#10;	F:\MasterLab\go-ethereum\src\github.com\SINTEF-9012\gosm (from $GOPATH)&#10;" type="org.aiotml.testing.errors.AiotMLExecutionError">org.aiotml.testing.errors.AiotMLExecutionError: 
Test execution - Non-zero return value
[stdout]

[stderr]
testconfiguration_generated.go:4:2: cannot find package "github.com/SINTEF-9012/gosm" in any of:
	D:\Go\src\github.com\SINTEF-9012\gosm (from $GOROOT)
	F:\MasterLab\go-ethereum\src\github.com\SINTEF-9012\gosm (from $GOPATH)

</failure>
  </testcase>
  <testcase name="NodeJS [testAbstractFunction]" classname="testAbstractFunction [General.Others]" time="0.046">
    <failure message="Cannot run compiler&apos;nodejs&apos; on the current platform" type="org.aiotml.testing.errors.AiotMLTestCaseCompilerError">org.aiotml.testing.errors.AiotMLTestCaseCompilerError: Cannot run compiler'nodejs' on the current platform
Caused by: org.aiotml.testing.errors.AiotMLExecutionError: 
node -v - Non-zero return value
[stdout]

[stderr]
'node' �����ڲ����ⲿ���Ҳ���ǿ����еĳ���
���������ļ���

</failure>
  </testcase>
  <testcase name="Java [testAbstractFunction]" classname="testAbstractFunction [General.Others]" time="0">
    <failure message="Cannot run compiler&apos;java&apos; on the current platform" type="org.aiotml.testing.errors.AiotMLTestCaseCompilerError">org.aiotml.testing.errors.AiotMLTestCaseCompilerError: Cannot run compiler'java' on the current platform
Caused by: org.aiotml.testing.errors.AiotMLExecutionError: 
mvn -v - Non-zero return value
[stdout]

[stderr]
'mvn' �����ڲ����ⲿ���Ҳ���ǿ����еĳ���
���������ļ���

</failure>
  </testcase>
  <testcase name="Posix [testAbstractFunction]" classname="testAbstractFunction [General.Others]" time="0">
    <failure message="Cannot run compiler&apos;posix&apos; on the current platform" type="org.aiotml.testing.errors.AiotMLTestCaseCompilerError">org.aiotml.testing.errors.AiotMLTestCaseCompilerError: Cannot run compiler'posix' on the current platform
Caused by: org.aiotml.testing.errors.AiotMLExecutionError: 
make -v - Non-zero return value
[stdout]

[stderr]
'make' �����ڲ����ⲿ���Ҳ���ǿ����еĳ���
���������ļ���

</failure>
  </testcase>
  <testcase name="PosixMT [testAbstractFunction]" classname="testAbstractFunction [General.Others]" time="0">
    <failure message="Cannot run compiler&apos;posixmt&apos; on the current platform" type="org.aiotml.testing.errors.AiotMLTestCaseCompilerError">org.aiotml.testing.errors.AiotMLTestCaseCompilerError: Cannot run compiler'posixmt' on the current platform
Caused by: org.aiotml.testing.errors.AiotMLExecutionError: 
make -v - Non-zero return value
[stdout]

[stderr]
'make' �����ڲ����ⲿ���Ҳ���ǿ����еĳ���
���������ļ���

</failure>
  </testcase>
  <testcase name="Go [testImportPort]" classname="testImportPort [General.Import]" time="0.581">
    <failure message="Test execution - Non-zero return value&#10;[stdout]&#10;&#10;[stderr]&#10;testconfiguration_generated.go:4:2: cannot find package &quot;github.com/SINTEF-9012/gosm&quot; in any of:&#10;	D:\Go\src\github.com\SINTEF-9012\gosm (from $GOROOT)&#10;	F:\MasterLab\go-ethereum\src\github.com\SINTEF-9012\gosm (from $GOPATH)&#10;" type="org.aiotml.testing.errors.AiotMLExecutionError">org.aiotml.testing.errors.AiotMLExecutionError: 
Test execution - Non-zero return value
[stdout]

[stderr]
testconfiguration_generated.go:4:2: cannot find package "github.com/SINTEF-9012/gosm" in any of:
	D:\Go\src\github.com\SINTEF-9012\gosm (from $GOROOT)
	F:\MasterLab\go-ethereum\src\github.com\SINTEF-9012\gosm (from $GOPATH)

</failure>
  </testcase>
  <testcase name="NodeJS [testArithmetic3]" classname="testArithmetic3 [General.Others]" time="0.001">
    <failure message="Cannot run compiler&apos;nodejs&apos; on the current platform" type="org.aiotml.testing.errors.AiotMLTestCaseCompilerError">org.aiotml.testing.errors.AiotMLTestCaseCompilerError: Cannot run compiler'nodejs' on the current platform
Caused by: org.aiotml.testing.errors.AiotMLExecutionError: 
node -v - Non-zero return value
[stdout]

[stderr]
'node' �����ڲ����ⲿ���Ҳ���ǿ����еĳ���
���������ļ���

</failure>
  </testcase>
  <testcase name="Java [testArithmetic3]" classname="testArithmetic3 [General.Others]" time="0.001">
    <failure message="Cannot run compiler&apos;java&apos; on the current platform" type="org.aiotml.testing.errors.AiotMLTestCaseCompilerError">org.aiotml.testing.errors.AiotMLTestCaseCompilerError: Cannot run compiler'java' on the current platform
Caused by: org.aiotml.testing.errors.AiotMLExecutionError: 
mvn -v - Non-zero return value
[stdout]

[stderr]
'mvn' �����ڲ����ⲿ���Ҳ���ǿ����еĳ���
���������ļ���

</failure>
  </testcase>
  <testcase name="Posix [testArithmetic3]" classname="testArithmetic3 [General.Others]" time="0.001">
    <failure message="Cannot run compiler&apos;posix&apos; on the current platform" type="org.aiotml.testing.errors.AiotMLTestCaseCompilerError">org.aiotml.testing.errors.AiotMLTestCaseCompilerError: Cannot run compiler'posix' on the current platform
Caused by: org.aiotml.testing.errors.AiotMLExecutionError: 
make -v - Non-zero return value
[stdout]

[stderr]
'make' �����ڲ����ⲿ���Ҳ���ǿ����еĳ���
���������ļ���

</failure>
  </testcase>
  <testcase name="PosixMT [testArithmetic3]" classname="testArithmetic3 [General.Others]" time="0">
    <failure message="Cannot run compiler&apos;posixmt&apos; on the current platform" type="org.aiotml.testing.errors.AiotMLTestCaseCompilerError">org.aiotml.testing.errors.AiotMLTestCaseCompilerError: Cannot run compiler'posixmt' on the current platform
Caused by: org.aiotml.testing.errors.AiotMLExecutionError: 
make -v - Non-zero return value
[stdout]

[stderr]
'make' �����ڲ����ⲿ���Ҳ���ǿ����еĳ���
���������ļ���

</failure>
  </testcase>
  <testcase name="Go [testArithmetic]" classname="testArithmetic [General.Others]" time="0.204">
    <failure message="Test execution - Non-zero return value&#10;[stdout]&#10;&#10;[stderr]&#10;testconfiguration_generated.go:4:2: cannot find package &quot;github.com/SINTEF-9012/gosm&quot; in any of:&#10;	D:\Go\src\github.com\SINTEF-9012\gosm (from $GOROOT)&#10;	F:\MasterLab\go-ethereum\src\github.com\SINTEF-9012\gosm (from $GOPATH)&#10;" type="org.aiotml.testing.errors.AiotMLExecutionError">org.aiotml.testing.errors.AiotMLExecutionError: 
Test execution - Non-zero return value
[stdout]

[stderr]
testconfiguration_generated.go:4:2: cannot find package "github.com/SINTEF-9012/gosm" in any of:
	D:\Go\src\github.com\SINTEF-9012\gosm (from $GOROOT)
	F:\MasterLab\go-ethereum\src\github.com\SINTEF-9012\gosm (from $GOPATH)

</failure>
  </testcase>
  <testcase name="NodeJS [testArithmetic2]" classname="testArithmetic2 [General.Others]" time="0.005">
    <failure message="Cannot run compiler&apos;nodejs&apos; on the current platform" type="org.aiotml.testing.errors.AiotMLTestCaseCompilerError">org.aiotml.testing.errors.AiotMLTestCaseCompilerError: Cannot run compiler'nodejs' on the current platform
Caused by: org.aiotml.testing.errors.AiotMLExecutionError: 
node -v - Non-zero return value
[stdout]

[stderr]
'node' �����ڲ����ⲿ���Ҳ���ǿ����еĳ���
���������ļ���

</failure>
  </testcase>
  <testcase name="Java [testArithmetic2]" classname="testArithmetic2 [General.Others]" time="0">
    <failure message="Cannot run compiler&apos;java&apos; on the current platform" type="org.aiotml.testing.errors.AiotMLTestCaseCompilerError">org.aiotml.testing.errors.AiotMLTestCaseCompilerError: Cannot run compiler'java' on the current platform
Caused by: org.aiotml.testing.errors.AiotMLExecutionError: 
mvn -v - Non-zero return value
[stdout]

[stderr]
'mvn' �����ڲ����ⲿ���Ҳ���ǿ����еĳ���
���������ļ���

</failure>
  </testcase>
  <testcase name="Posix [testArithmetic2]" classname="testArithmetic2 [General.Others]" time="0">
    <failure message="Cannot run compiler&apos;posix&apos; on the current platform" type="org.aiotml.testing.errors.AiotMLTestCaseCompilerError">org.aiotml.testing.errors.AiotMLTestCaseCompilerError: Cannot run compiler'posix' on the current platform
Caused by: org.aiotml.testing.errors.AiotMLExecutionError: 
make -v - Non-zero return value
[stdout]

[stderr]
'make' �����ڲ����ⲿ���Ҳ���ǿ����еĳ���
���������ļ���

</failure>
  </testcase>
  <testcase name="PosixMT [testArithmetic2]" classname="testArithmetic2 [General.Others]" time="0">
    <failure message="Cannot run compiler&apos;posixmt&apos; on the current platform" type="org.aiotml.testing.errors.AiotMLTestCaseCompilerError">org.aiotml.testing.errors.AiotMLTestCaseCompilerError: Cannot run compiler'posixmt' on the current platform
Caused by: org.aiotml.testing.errors.AiotMLExecutionError: 
make -v - Non-zero return value
[stdout]

[stderr]
'make' �����ڲ����ⲿ���Ҳ���ǿ����еĳ���
���������ļ���

</failure>
  </testcase>
  <testcase name="Go [testAbstractFunction]" classname="testAbstractFunction [General.Others]" time="0.217">
    <failure message="Test execution - Non-zero return value&#10;[stdout]&#10;&#10;[stderr]&#10;testconfiguration_generated.go:4:2: cannot find package &quot;github.com/SINTEF-9012/gosm&quot; in any of:&#10;	D:\Go\src\github.com\SINTEF-9012\gosm (from $GOROOT)&#10;	F:\MasterLab\go-ethereum\src\github.com\SINTEF-9012\gosm (from $GOPATH)&#10;" type="org.aiotml.testing.errors.AiotMLExecutionError">org.aiotml.testing.errors.AiotMLExecutionError: 
Test execution - Non-zero return value
[stdout]

[stderr]
testconfiguration_generated.go:4:2: cannot find package "github.com/SINTEF-9012/gosm" in any of:
	D:\Go\src\github.com\SINTEF-9012\gosm (from $GOROOT)
	F:\MasterLab\go-ethereum\src\github.com\SINTEF-9012\gosm (from $GOPATH)

</failure>
  </testcase>
  <testcase name="NodeJS [testArithmetic5]" classname="testArithmetic5 [General.Others]" time="0.152">
    <failure message="Cannot run compiler&apos;nodejs&apos; on the current platform" type="org.aiotml.testing.errors.AiotMLTestCaseCompilerError">org.aiotml.testing.errors.AiotMLTestCaseCompilerError: Cannot run compiler'nodejs' on the current platform
Caused by: org.aiotml.testing.errors.AiotMLExecutionError: 
node -v - Non-zero return value
[stdout]

[stderr]
'node' �����ڲ����ⲿ���Ҳ���ǿ����еĳ���
���������ļ���

</failure>
  </testcase>
  <testcase name="Java [testArithmetic5]" classname="testArithmetic5 [General.Others]" time="0.001">
    <failure message="Cannot run compiler&apos;java&apos; on the current platform" type="org.aiotml.testing.errors.AiotMLTestCaseCompilerError">org.aiotml.testing.errors.AiotMLTestCaseCompilerError: Cannot run compiler'java' on the current platform
Caused by: org.aiotml.testing.errors.AiotMLExecutionError: 
mvn -v - Non-zero return value
[stdout]

[stderr]
'mvn' �����ڲ����ⲿ���Ҳ���ǿ����еĳ���
���������ļ���

</failure>
  </testcase>
  <testcase name="Posix [testArithmetic5]" classname="testArithmetic5 [General.Others]" time="0.001">
    <failure message="Cannot run compiler&apos;posix&apos; on the current platform" type="org.aiotml.testing.errors.AiotMLTestCaseCompilerError">org.aiotml.testing.errors.AiotMLTestCaseCompilerError: Cannot run compiler'posix' on the current platform
Caused by: org.aiotml.testing.errors.AiotMLExecutionError: 
make -v - Non-zero return value
[stdout]

[stderr]
'make' �����ڲ����ⲿ���Ҳ���ǿ����еĳ���
���������ļ���

</failure>
  </testcase>
  <testcase name="PosixMT [testArithmetic5]" classname="testArithmetic5 [General.Others]" time="0.001">
    <failure message="Cannot run compiler&apos;posixmt&apos; on the current platform" type="org.aiotml.testing.errors.AiotMLTestCaseCompilerError">org.aiotml.testing.errors.AiotMLTestCaseCompilerError: Cannot run compiler'posixmt' on the current platform
Caused by: org.aiotml.testing.errors.AiotMLExecutionError: 
make -v - Non-zero return value
[stdout]

[stderr]
'make' �����ڲ����ⲿ���Ҳ���ǿ����еĳ���
���������ļ���

</failure>
  </testcase>
  <testcase name="Go [testArithmetic3]" classname="testArithmetic3 [General.Others]" time="0.235">
    <failure message="Test execution - Non-zero return value&#10;[stdout]&#10;&#10;[stderr]&#10;testconfiguration_generated.go:4:2: cannot find package &quot;github.com/SINTEF-9012/gosm&quot; in any of:&#10;	D:\Go\src\github.com\SINTEF-9012\gosm (from $GOROOT)&#10;	F:\MasterLab\go-ethereum\src\github.com\SINTEF-9012\gosm (from $GOPATH)&#10;" type="org.aiotml.testing.errors.AiotMLExecutionError">org.aiotml.testing.errors.AiotMLExecutionError: 
Test execution - Non-zero return value
[stdout]

[stderr]
testconfiguration_generated.go:4:2: cannot find package "github.com/SINTEF-9012/gosm" in any of:
	D:\Go\src\github.com\SINTEF-9012\gosm (from $GOROOT)
	F:\MasterLab\go-ethereum\src\github.com\SINTEF-9012\gosm (from $GOPATH)

</failure>
  </testcase>
  <testcase name="NodeJS [testArithmetic4]" classname="testArithmetic4 [General.Others]" time="0.096">
    <failure message="Cannot run compiler&apos;nodejs&apos; on the current platform" type="org.aiotml.testing.errors.AiotMLTestCaseCompilerError">org.aiotml.testing.errors.AiotMLTestCaseCompilerError: Cannot run compiler'nodejs' on the current platform
Caused by: org.aiotml.testing.errors.AiotMLExecutionError: 
node -v - Non-zero return value
[stdout]

[stderr]
'node' �����ڲ����ⲿ���Ҳ���ǿ����еĳ���
���������ļ���

</failure>
  </testcase>
  <testcase name="Java [testArithmetic4]" classname="testArithmetic4 [General.Others]" time="0.001">
    <failure message="Cannot run compiler&apos;java&apos; on the current platform" type="org.aiotml.testing.errors.AiotMLTestCaseCompilerError">org.aiotml.testing.errors.AiotMLTestCaseCompilerError: Cannot run compiler'java' on the current platform
Caused by: org.aiotml.testing.errors.AiotMLExecutionError: 
mvn -v - Non-zero return value
[stdout]

[stderr]
'mvn' �����ڲ����ⲿ���Ҳ���ǿ����еĳ���
���������ļ���

</failure>
  </testcase>
  <testcase name="Posix [testArithmetic4]" classname="testArithmetic4 [General.Others]" time="0.001">
    <failure message="Cannot run compiler&apos;posix&apos; on the current platform" type="org.aiotml.testing.errors.AiotMLTestCaseCompilerError">org.aiotml.testing.errors.AiotMLTestCaseCompilerError: Cannot run compiler'posix' on the current platform
Caused by: org.aiotml.testing.errors.AiotMLExecutionError: 
make -v - Non-zero return value
[stdout]

[stderr]
'make' �����ڲ����ⲿ���Ҳ���ǿ����еĳ���
���������ļ���

</failure>
  </testcase>
  <testcase name="PosixMT [testArithmetic4]" classname="testArithmetic4 [General.Others]" time="0.001">
    <failure message="Cannot run compiler&apos;posixmt&apos; on the current platform" type="org.aiotml.testing.errors.AiotMLTestCaseCompilerError">org.aiotml.testing.errors.AiotMLTestCaseCompilerError: Cannot run compiler'posixmt' on the current platform
Caused by: org.aiotml.testing.errors.AiotMLExecutionError: 
make -v - Non-zero return value
[stdout]

[stderr]
'make' �����ڲ����ⲿ���Ҳ���ǿ����еĳ���
���������ļ���

</failure>
  </testcase>
  <testcase name="Go [testArithmetic2]" classname="testArithmetic2 [General.Others]" time="0.091">
    <failure message="Test execution - Non-zero return value&#10;[stdout]&#10;&#10;[stderr]&#10;testconfiguration_generated.go:4:2: cannot find package &quot;github.com/SINTEF-9012/gosm&quot; in any of:&#10;	D:\Go\src\github.com\SINTEF-9012\gosm (from $GOROOT)&#10;	F:\MasterLab\go-ethereum\src\github.com\SINTEF-9012\gosm (from $GOPATH)&#10;" type="org.aiotml.testing.errors.AiotMLExecutionError">org.aiotml.testing.errors.AiotMLExecutionError: 
Test execution - Non-zero return value
[stdout]

[stderr]
testconfiguration_generated.go:4:2: cannot find package "github.com/SINTEF-9012/gosm" in any of:
	D:\Go\src\github.com\SINTEF-9012\gosm (from $GOROOT)
	F:\MasterLab\go-ethereum\src\github.com\SINTEF-9012\gosm (from $GOPATH)

</failure>
  </testcase>
  <testcase name="NodeJS [testDisymetricalPort]" classname="testDisymetricalPort [General.Others]" time="0.001">
    <failure message="Cannot run compiler&apos;nodejs&apos; on the current platform" type="org.aiotml.testing.errors.AiotMLTestCaseCompilerError">org.aiotml.testing.errors.AiotMLTestCaseCompilerError: Cannot run compiler'nodejs' on the current platform
Caused by: org.aiotml.testing.errors.AiotMLExecutionError: 
node -v - Non-zero return value
[stdout]

[stderr]
'node' �����ڲ����ⲿ���Ҳ���ǿ����еĳ���
���������ļ���

</failure>
  </testcase>
  <testcase name="Java [testDisymetricalPort]" classname="testDisymetricalPort [General.Others]" time="0.002">
    <failure message="Cannot run compiler&apos;java&apos; on the current platform" type="org.aiotml.testing.errors.AiotMLTestCaseCompilerError">org.aiotml.testing.errors.AiotMLTestCaseCompilerError: Cannot run compiler'java' on the current platform
Caused by: org.aiotml.testing.errors.AiotMLExecutionError: 
mvn -v - Non-zero return value
[stdout]

[stderr]
'mvn' �����ڲ����ⲿ���Ҳ���ǿ����еĳ���
���������ļ���

</failure>
  </testcase>
  <testcase name="Posix [testDisymetricalPort]" classname="testDisymetricalPort [General.Others]" time="0">
    <failure message="Cannot run compiler&apos;posix&apos; on the current platform" type="org.aiotml.testing.errors.AiotMLTestCaseCompilerError">org.aiotml.testing.errors.AiotMLTestCaseCompilerError: Cannot run compiler'posix' on the current platform
Caused by: org.aiotml.testing.errors.AiotMLExecutionError: 
make -v - Non-zero return value
[stdout]

[stderr]
'make' �����ڲ����ⲿ���Ҳ���ǿ����еĳ���
���������ļ���

</failure>
  </testcase>
  <testcase name="PosixMT [testDisymetricalPort]" classname="testDisymetricalPort [General.Others]" time="0.001">
    <failure message="Cannot run compiler&apos;posixmt&apos; on the current platform" type="org.aiotml.testing.errors.AiotMLTestCaseCompilerError">org.aiotml.testing.errors.AiotMLTestCaseCompilerError: Cannot run compiler'posixmt' on the current platform
Caused by: org.aiotml.testing.errors.AiotMLExecutionError: 
make -v - Non-zero return value
[stdout]

[stderr]
'make' �����ڲ����ⲿ���Ҳ���ǿ����еĳ���
���������ļ���

</failure>
  </testcase>
  <testcase name="Go [testArithmetic5]" classname="testArithmetic5 [General.Others]" time="0.35">
    <failure message="Test execution - Non-zero return value&#10;[stdout]&#10;&#10;[stderr]&#10;testconfiguration_generated.go:4:2: cannot find package &quot;github.com/SINTEF-9012/gosm&quot; in any of:&#10;	D:\Go\src\github.com\SINTEF-9012\gosm (from $GOROOT)&#10;	F:\MasterLab\go-ethereum\src\github.com\SINTEF-9012\gosm (from $GOPATH)&#10;" type="org.aiotml.testing.errors.AiotMLExecutionError">org.aiotml.testing.errors.AiotMLExecutionError: 
Test execution - Non-zero return value
[stdout]

[stderr]
testconfiguration_generated.go:4:2: cannot find package "github.com/SINTEF-9012/gosm" in any of:
	D:\Go\src\github.com\SINTEF-9012\gosm (from $GOROOT)
	F:\MasterLab\go-ethereum\src\github.com\SINTEF-9012\gosm (from $GOPATH)

</failure>
  </testcase>
  <testcase name="NodeJS [testDisymetricalConnector]" classname="testDisymetricalConnector [General.Others]" time="0.055">
    <failure message="Cannot run compiler&apos;nodejs&apos; on the current platform" type="org.aiotml.testing.errors.AiotMLTestCaseCompilerError">org.aiotml.testing.errors.AiotMLTestCaseCompilerError: Cannot run compiler'nodejs' on the current platform
Caused by: org.aiotml.testing.errors.AiotMLExecutionError: 
node -v - Non-zero return value
[stdout]

[stderr]
'node' �����ڲ����ⲿ���Ҳ���ǿ����еĳ���
���������ļ���

</failure>
  </testcase>
  <testcase name="Java [testDisymetricalConnector]" classname="testDisymetricalConnector [General.Others]" time="0">
    <failure message="Cannot run compiler&apos;java&apos; on the current platform" type="org.aiotml.testing.errors.AiotMLTestCaseCompilerError">org.aiotml.testing.errors.AiotMLTestCaseCompilerError: Cannot run compiler'java' on the current platform
Caused by: org.aiotml.testing.errors.AiotMLExecutionError: 
mvn -v - Non-zero return value
[stdout]

[stderr]
'mvn' �����ڲ����ⲿ���Ҳ���ǿ����еĳ���
���������ļ���

</failure>
  </testcase>
  <testcase name="Posix [testDisymetricalConnector]" classname="testDisymetricalConnector [General.Others]" time="0">
    <failure message="Cannot run compiler&apos;posix&apos; on the current platform" type="org.aiotml.testing.errors.AiotMLTestCaseCompilerError">org.aiotml.testing.errors.AiotMLTestCaseCompilerError: Cannot run compiler'posix' on the current platform
Caused by: org.aiotml.testing.errors.AiotMLExecutionError: 
make -v - Non-zero return value
[stdout]

[stderr]
'make' �����ڲ����ⲿ���Ҳ���ǿ����еĳ���
���������ļ���

</failure>
  </testcase>
  <testcase name="PosixMT [testDisymetricalConnector]" classname="testDisymetricalConnector [General.Others]" time="0.002">
    <failure message="Cannot run compiler&apos;posixmt&apos; on the current platform" type="org.aiotml.testing.errors.AiotMLTestCaseCompilerError">org.aiotml.testing.errors.AiotMLTestCaseCompilerError: Cannot run compiler'posixmt' on the current platform
Caused by: org.aiotml.testing.errors.AiotMLExecutionError: 
make -v - Non-zero return value
[stdout]

[stderr]
'make' �����ڲ����ⲿ���Ҳ���ǿ����еĳ���
���������ļ���

</failure>
  </testcase>
  <testcase name="Go [testArithmetic4]" classname="testArithmetic4 [General.Others]" time="0.292">
    <failure message="Test execution - Non-zero return value&#10;[stdout]&#10;&#10;[stderr]&#10;testconfiguration_generated.go:4:2: cannot find package &quot;github.com/SINTEF-9012/gosm&quot; in any of:&#10;	D:\Go\src\github.com\SINTEF-9012\gosm (from $GOROOT)&#10;	F:\MasterLab\go-ethereum\src\github.com\SINTEF-9012\gosm (from $GOPATH)&#10;" type="org.aiotml.testing.errors.AiotMLExecutionError">org.aiotml.testing.errors.AiotMLExecutionError: 
Test execution - Non-zero return value
[stdout]

[stderr]
testconfiguration_generated.go:4:2: cannot find package "github.com/SINTEF-9012/gosm" in any of:
	D:\Go\src\github.com\SINTEF-9012\gosm (from $GOROOT)
	F:\MasterLab\go-ethereum\src\github.com\SINTEF-9012\gosm (from $GOPATH)

</failure>
  </testcase>
  <testcase name="NodeJS [testDisymetricalPort3]" classname="testDisymetricalPort3 [General.Others]" time="0.091">
    <failure message="Cannot run compiler&apos;nodejs&apos; on the current platform" type="org.aiotml.testing.errors.AiotMLTestCaseCompilerError">org.aiotml.testing.errors.AiotMLTestCaseCompilerError: Cannot run compiler'nodejs' on the current platform
Caused by: org.aiotml.testing.errors.AiotMLExecutionError: 
node -v - Non-zero return value
[stdout]

[stderr]
'node' �����ڲ����ⲿ���Ҳ���ǿ����еĳ���
���������ļ���

</failure>
  </testcase>
  <testcase name="Java [testDisymetricalPort3]" classname="testDisymetricalPort3 [General.Others]" time="0.001">
    <failure message="Cannot run compiler&apos;java&apos; on the current platform" type="org.aiotml.testing.errors.AiotMLTestCaseCompilerError">org.aiotml.testing.errors.AiotMLTestCaseCompilerError: Cannot run compiler'java' on the current platform
Caused by: org.aiotml.testing.errors.AiotMLExecutionError: 
mvn -v - Non-zero return value
[stdout]

[stderr]
'mvn' �����ڲ����ⲿ���Ҳ���ǿ����еĳ���
���������ļ���

</failure>
  </testcase>
  <testcase name="Posix [testDisymetricalPort3]" classname="testDisymetricalPort3 [General.Others]" time="0.001">
    <failure message="Cannot run compiler&apos;posix&apos; on the current platform" type="org.aiotml.testing.errors.AiotMLTestCaseCompilerError">org.aiotml.testing.errors.AiotMLTestCaseCompilerError: Cannot run compiler'posix' on the current platform
Caused by: org.aiotml.testing.errors.AiotMLExecutionError: 
make -v - Non-zero return value
[stdout]

[stderr]
'make' �����ڲ����ⲿ���Ҳ���ǿ����еĳ���
���������ļ���

</failure>
  </testcase>
  <testcase name="PosixMT [testDisymetricalPort3]" classname="testDisymetricalPort3 [General.Others]" time="0.002">
    <failure message="Cannot run compiler&apos;posixmt&apos; on the current platform" type="org.aiotml.testing.errors.AiotMLTestCaseCompilerError">org.aiotml.testing.errors.AiotMLTestCaseCompilerError: Cannot run compiler'posixmt' on the current platform
Caused by: org.aiotml.testing.errors.AiotMLExecutionError: 
make -v - Non-zero return value
[stdout]

[stderr]
'make' �����ڲ����ⲿ���Ҳ���ǿ����еĳ���
���������ļ���

</failure>
  </testcase>
  <testcase name="Go [testDisymetricalPort]" classname="testDisymetricalPort [General.Others]" time="0.057">
    <failure message="Test execution - Non-zero return value&#10;[stdout]&#10;&#10;[stderr]&#10;testconfiguration_generated.go:4:2: cannot find package &quot;github.com/SINTEF-9012/gosm&quot; in any of:&#10;	D:\Go\src\github.com\SINTEF-9012\gosm (from $GOROOT)&#10;	F:\MasterLab\go-ethereum\src\github.com\SINTEF-9012\gosm (from $GOPATH)&#10;" type="org.aiotml.testing.errors.AiotMLExecutionError">org.aiotml.testing.errors.AiotMLExecutionError: 
Test execution - Non-zero return value
[stdout]

[stderr]
testconfiguration_generated.go:4:2: cannot find package "github.com/SINTEF-9012/gosm" in any of:
	D:\Go\src\github.com\SINTEF-9012\gosm (from $GOROOT)
	F:\MasterLab\go-ethereum\src\github.com\SINTEF-9012\gosm (from $GOPATH)

</failure>
  </testcase>
  <testcase name="NodeJS [testDisymetricalPort2]" classname="testDisymetricalPort2 [General.Others]" time="0.002">
    <failure message="Cannot run compiler&apos;nodejs&apos; on the current platform" type="org.aiotml.testing.errors.AiotMLTestCaseCompilerError">org.aiotml.testing.errors.AiotMLTestCaseCompilerError: Cannot run compiler'nodejs' on the current platform
Caused by: org.aiotml.testing.errors.AiotMLExecutionError: 
node -v - Non-zero return value
[stdout]

[stderr]
'node' �����ڲ����ⲿ���Ҳ���ǿ����еĳ���
���������ļ���

</failure>
  </testcase>
  <testcase name="Java [testDisymetricalPort2]" classname="testDisymetricalPort2 [General.Others]" time="0.001">
    <failure message="Cannot run compiler&apos;java&apos; on the current platform" type="org.aiotml.testing.errors.AiotMLTestCaseCompilerError">org.aiotml.testing.errors.AiotMLTestCaseCompilerError: Cannot run compiler'java' on the current platform
Caused by: org.aiotml.testing.errors.AiotMLExecutionError: 
mvn -v - Non-zero return value
[stdout]

[stderr]
'mvn' �����ڲ����ⲿ���Ҳ���ǿ����еĳ���
���������ļ���

</failure>
  </testcase>
[...]
	D:\Go\src\github.com\SINTEF-9012\gosm (from $GOROOT)
	F:\MasterLab\go-ethereum\src\github.com\SINTEF-9012\gosm (from $GOPATH)

</failure>
  </testcase>
  <testcase name="NodeJS [testFloat]" classname="testFloat [General.Types]" time="0.079">
    <failure message="Cannot run compiler&apos;nodejs&apos; on the current platform" type="org.aiotml.testing.errors.AiotMLTestCaseCompilerError">org.aiotml.testing.errors.AiotMLTestCaseCompilerError: Cannot run compiler'nodejs' on the current platform
Caused by: org.aiotml.testing.errors.AiotMLExecutionError: 
node -v - Non-zero return value
[stdout]

[stderr]
'node' �����ڲ����ⲿ���Ҳ���ǿ����еĳ���
���������ļ���

</failure>
  </testcase>
  <testcase name="Java [testFloat]" classname="testFloat [General.Types]" time="0.001">
    <failure message="Cannot run compiler&apos;java&apos; on the current platform" type="org.aiotml.testing.errors.AiotMLTestCaseCompilerError">org.aiotml.testing.errors.AiotMLTestCaseCompilerError: Cannot run compiler'java' on the current platform
Caused by: org.aiotml.testing.errors.AiotMLExecutionError: 
mvn -v - Non-zero return value
[stdout]

[stderr]
'mvn' �����ڲ����ⲿ���Ҳ���ǿ����еĳ���
���������ļ���

</failure>
  </testcase>
  <testcase name="Posix [testFloat]" classname="testFloat [General.Types]" time="0">
    <failure message="Cannot run compiler&apos;posix&apos; on the current platform" type="org.aiotml.testing.errors.AiotMLTestCaseCompilerError">org.aiotml.testing.errors.AiotMLTestCaseCompilerError: Cannot run compiler'posix' on the current platform
Caused by: org.aiotml.testing.errors.AiotMLExecutionError: 
make -v - Non-zero return value
[stdout]

[stderr]
'make' �����ڲ����ⲿ���Ҳ���ǿ����еĳ���
���������ļ���

</failure>
  </testcase>
  <testcase name="PosixMT [testFloat]" classname="testFloat [General.Types]" time="0.001">
    <failure message="Cannot run compiler&apos;posixmt&apos; on the current platform" type="org.aiotml.testing.errors.AiotMLTestCaseCompilerError">org.aiotml.testing.errors.AiotMLTestCaseCompilerError: Cannot run compiler'posixmt' on the current platform
Caused by: org.aiotml.testing.errors.AiotMLExecutionError: 
make -v - Non-zero return value
[stdout]

[stderr]
'make' �����ڲ����ⲿ���Ҳ���ǿ����еĳ���
���������ļ���

</failure>
  </testcase>
  <testcase name="Go [testChar]" classname="testChar [General.Types]" time="0.11">
    <failure message="Test execution - Non-zero return value&#10;[stdout]&#10;&#10;[stderr]&#10;testconfiguration_generated.go:4:2: cannot find package &quot;github.com/SINTEF-9012/gosm&quot; in any of:&#10;	D:\Go\src\github.com\SINTEF-9012\gosm (from $GOROOT)&#10;	F:\MasterLab\go-ethereum\src\github.com\SINTEF-9012\gosm (from $GOPATH)&#10;" type="org.aiotml.testing.errors.AiotMLExecutionError">org.aiotml.testing.errors.AiotMLExecutionError: 
Test execution - Non-zero return value
[stdout]

[stderr]
testconfiguration_generated.go:4:2: cannot find package "github.com/SINTEF-9012/gosm" in any of:
	D:\Go\src\github.com\SINTEF-9012\gosm (from $GOROOT)
	F:\MasterLab\go-ethereum\src\github.com\SINTEF-9012\gosm (from $GOPATH)

</failure>
  </testcase>
  <testcase name="NodeJS [testInt8]" classname="testInt8 [General.Types]" time="0.001">
    <failure message="Cannot run compiler&apos;nodejs&apos; on the current platform" type="org.aiotml.testing.errors.AiotMLTestCaseCompilerError">org.aiotml.testing.errors.AiotMLTestCaseCompilerError: Cannot run compiler'nodejs' on the current platform
Caused by: org.aiotml.testing.errors.AiotMLExecutionError: 
node -v - Non-zero return value
[stdout]

[stderr]
'node' �����ڲ����ⲿ���Ҳ���ǿ����еĳ���
���������ļ���

</failure>
  </testcase>
  <testcase name="Java [testInt8]" classname="testInt8 [General.Types]" time="0.001">
    <failure message="Cannot run compiler&apos;java&apos; on the current platform" type="org.aiotml.testing.errors.AiotMLTestCaseCompilerError">org.aiotml.testing.errors.AiotMLTestCaseCompilerError: Cannot run compiler'java' on the current platform
Caused by: org.aiotml.testing.errors.AiotMLExecutionError: 
mvn -v - Non-zero return value
[stdout]

[stderr]
'mvn' �����ڲ����ⲿ���Ҳ���ǿ����еĳ���
���������ļ���

</failure>
  </testcase>
  <testcase name="Posix [testInt8]" classname="testInt8 [General.Types]" time="0.001">
    <failure message="Cannot run compiler&apos;posix&apos; on the current platform" type="org.aiotml.testing.errors.AiotMLTestCaseCompilerError">org.aiotml.testing.errors.AiotMLTestCaseCompilerError: Cannot run compiler'posix' on the current platform
Caused by: org.aiotml.testing.errors.AiotMLExecutionError: 
make -v - Non-zero return value
[stdout]

[stderr]
'make' �����ڲ����ⲿ���Ҳ���ǿ����еĳ���
���������ļ���

</failure>
  </testcase>
  <testcase name="PosixMT [testInt8]" classname="testInt8 [General.Types]" time="0">
    <failure message="Cannot run compiler&apos;posixmt&apos; on the current platform" type="org.aiotml.testing.errors.AiotMLTestCaseCompilerError">org.aiotml.testing.errors.AiotMLTestCaseCompilerError: Cannot run compiler'posixmt' on the current platform
Caused by: org.aiotml.testing.errors.AiotMLExecutionError: 
make -v - Non-zero return value
[stdout]

[stderr]
'make' �����ڲ����ⲿ���Ҳ���ǿ����еĳ���
���������ļ���

</failure>
  </testcase>
  <testcase name="Go [testInt16]" classname="testInt16 [General.Types]" time="0.308">
    <failure message="Test execution - Non-zero return value&#10;[stdout]&#10;&#10;[stderr]&#10;testconfiguration_generated.go:4:2: cannot find package &quot;github.com/SINTEF-9012/gosm&quot; in any of:&#10;	D:\Go\src\github.com\SINTEF-9012\gosm (from $GOROOT)&#10;	F:\MasterLab\go-ethereum\src\github.com\SINTEF-9012\gosm (from $GOPATH)&#10;" type="org.aiotml.testing.errors.AiotMLExecutionError">org.aiotml.testing.errors.AiotMLExecutionError: 
Test execution - Non-zero return value
[stdout]

[stderr]
testconfiguration_generated.go:4:2: cannot find package "github.com/SINTEF-9012/gosm" in any of:
	D:\Go\src\github.com\SINTEF-9012\gosm (from $GOROOT)
	F:\MasterLab\go-ethereum\src\github.com\SINTEF-9012\gosm (from $GOPATH)

</failure>
  </testcase>
  <testcase name="NodeJS [testInt32]" classname="testInt32 [General.Types]" time="0.063">
    <failure message="Cannot run compiler&apos;nodejs&apos; on the current platform" type="org.aiotml.testing.errors.AiotMLTestCaseCompilerError">org.aiotml.testing.errors.AiotMLTestCaseCompilerError: Cannot run compiler'nodejs' on the current platform
Caused by: org.aiotml.testing.errors.AiotMLExecutionError: 
node -v - Non-zero return value
[stdout]

[stderr]
'node' �����ڲ����ⲿ���Ҳ���ǿ����еĳ���
���������ļ���

</failure>
  </testcase>
  <testcase name="Java [testInt32]" classname="testInt32 [General.Types]" time="0.001">
    <failure message="Cannot run compiler&apos;java&apos; on the current platform" type="org.aiotml.testing.errors.AiotMLTestCaseCompilerError">org.aiotml.testing.errors.AiotMLTestCaseCompilerError: Cannot run compiler'java' on the current platform
Caused by: org.aiotml.testing.errors.AiotMLExecutionError: 
mvn -v - Non-zero return value
[stdout]

[stderr]
'mvn' �����ڲ����ⲿ���Ҳ���ǿ����еĳ���
���������ļ���

</failure>
  </testcase>
  <testcase name="Posix [testInt32]" classname="testInt32 [General.Types]" time="0">
    <failure message="Cannot run compiler&apos;posix&apos; on the current platform" type="org.aiotml.testing.errors.AiotMLTestCaseCompilerError">org.aiotml.testing.errors.AiotMLTestCaseCompilerError: Cannot run compiler'posix' on the current platform
Caused by: org.aiotml.testing.errors.AiotMLExecutionError: 
make -v - Non-zero return value
[stdout]

[stderr]
'make' �����ڲ����ⲿ���Ҳ���ǿ����еĳ���
���������ļ���

</failure>
  </testcase>
  <testcase name="PosixMT [testInt32]" classname="testInt32 [General.Types]" time="0.001">
    <failure message="Cannot run compiler&apos;posixmt&apos; on the current platform" type="org.aiotml.testing.errors.AiotMLTestCaseCompilerError">org.aiotml.testing.errors.AiotMLTestCaseCompilerError: Cannot run compiler'posixmt' on the current platform
Caused by: org.aiotml.testing.errors.AiotMLExecutionError: 
make -v - Non-zero return value
[stdout]

[stderr]
'make' �����ڲ����ⲿ���Ҳ���ǿ����еĳ���
���������ļ���

</failure>
  </testcase>
  <testcase name="Go [testFloat]" classname="testFloat [General.Types]" time="0.186">
    <failure message="Test execution - Non-zero return value&#10;[stdout]&#10;&#10;[stderr]&#10;testconfiguration_generated.go:4:2: cannot find package &quot;github.com/SINTEF-9012/gosm&quot; in any of:&#10;	D:\Go\src\github.com\SINTEF-9012\gosm (from $GOROOT)&#10;	F:\MasterLab\go-ethereum\src\github.com\SINTEF-9012\gosm (from $GOPATH)&#10;" type="org.aiotml.testing.errors.AiotMLExecutionError">org.aiotml.testing.errors.AiotMLExecutionError: 
Test execution - Non-zero return value
[stdout]

[stderr]
testconfiguration_generated.go:4:2: cannot find package "github.com/SINTEF-9012/gosm" in any of:
	D:\Go\src\github.com\SINTEF-9012\gosm (from $GOROOT)
	F:\MasterLab\go-ethereum\src\github.com\SINTEF-9012\gosm (from $GOPATH)

</failure>
  </testcase>
  <testcase name="NodeJS [testUInt32]" classname="testUInt32 [General.Types]" time="0.083">
    <failure message="Cannot run compiler&apos;nodejs&apos; on the current platform" type="org.aiotml.testing.errors.AiotMLTestCaseCompilerError">org.aiotml.testing.errors.AiotMLTestCaseCompilerError: Cannot run compiler'nodejs' on the current platform
Caused by: org.aiotml.testing.errors.AiotMLExecutionError: 
node -v - Non-zero return value
[stdout]

[stderr]
'node' �����ڲ����ⲿ���Ҳ���ǿ����еĳ���
���������ļ���

</failure>
  </testcase>
  <testcase name="Java [testUInt32]" classname="testUInt32 [General.Types]" time="0.001">
    <failure message="Cannot run compiler&apos;java&apos; on the current platform" type="org.aiotml.testing.errors.AiotMLTestCaseCompilerError">org.aiotml.testing.errors.AiotMLTestCaseCompilerError: Cannot run compiler'java' on the current platform
Caused by: org.aiotml.testing.errors.AiotMLExecutionError: 
mvn -v - Non-zero return value
[stdout]

[stderr]
'mvn' �����ڲ����ⲿ���Ҳ���ǿ����еĳ���
���������ļ���

</failure>
  </testcase>
  <testcase name="Posix [testUInt32]" classname="testUInt32 [General.Types]" time="0.001">
    <failure message="Cannot run compiler&apos;posix&apos; on the current platform" type="org.aiotml.testing.errors.AiotMLTestCaseCompilerError">org.aiotml.testing.errors.AiotMLTestCaseCompilerError: Cannot run compiler'posix' on the current platform
Caused by: org.aiotml.testing.errors.AiotMLExecutionError: 
make -v - Non-zero return value
[stdout]

[stderr]
'make' �����ڲ����ⲿ���Ҳ���ǿ����еĳ���
���������ļ���

</failure>
  </testcase>
  <testcase name="PosixMT [testUInt32]" classname="testUInt32 [General.Types]" time="0">
    <failure message="Cannot run compiler&apos;posixmt&apos; on the current platform" type="org.aiotml.testing.errors.AiotMLTestCaseCompilerError">org.aiotml.testing.errors.AiotMLTestCaseCompilerError: Cannot run compiler'posixmt' on the current platform
Caused by: org.aiotml.testing.errors.AiotMLExecutionError: 
make -v - Non-zero return value
[stdout]

[stderr]
'make' �����ڲ����ⲿ���Ҳ���ǿ����еĳ���
���������ļ���

</failure>
  </testcase>
  <testcase name="Go [testInt8]" classname="testInt8 [General.Types]" time="0.118">
    <failure message="Test execution - Non-zero return value&#10;[stdout]&#10;&#10;[stderr]&#10;testconfiguration_generated.go:4:2: cannot find package &quot;github.com/SINTEF-9012/gosm&quot; in any of:&#10;	D:\Go\src\github.com\SINTEF-9012\gosm (from $GOROOT)&#10;	F:\MasterLab\go-ethereum\src\github.com\SINTEF-9012\gosm (from $GOPATH)&#10;" type="org.aiotml.testing.errors.AiotMLExecutionError">org.aiotml.testing.errors.AiotMLExecutionError: 
Test execution - Non-zero return value
[stdout]

[stderr]
testconfiguration_generated.go:4:2: cannot find package "github.com/SINTEF-9012/gosm" in any of:
	D:\Go\src\github.com\SINTEF-9012\gosm (from $GOROOT)
	F:\MasterLab\go-ethereum\src\github.com\SINTEF-9012\gosm (from $GOPATH)

</failure>
  </testcase>
  <testcase name="NodeJS [testUInt16]" classname="testUInt16 [General.Types]" time="0.001">
    <failure message="Cannot run compiler&apos;nodejs&apos; on the current platform" type="org.aiotml.testing.errors.AiotMLTestCaseCompilerError">org.aiotml.testing.errors.AiotMLTestCaseCompilerError: Cannot run compiler'nodejs' on the current platform
Caused by: org.aiotml.testing.errors.AiotMLExecutionError: 
node -v - Non-zero return value
[stdout]

[stderr]
'node' �����ڲ����ⲿ���Ҳ���ǿ����еĳ���
���������ļ���

</failure>
  </testcase>
  <testcase name="Java [testUInt16]" classname="testUInt16 [General.Types]" time="0">
    <failure message="Cannot run compiler&apos;java&apos; on the current platform" type="org.aiotml.testing.errors.AiotMLTestCaseCompilerError">org.aiotml.testing.errors.AiotMLTestCaseCompilerError: Cannot run compiler'java' on the current platform
Caused by: org.aiotml.testing.errors.AiotMLExecutionError: 
mvn -v - Non-zero return value
[stdout]

[stderr]
'mvn' �����ڲ����ⲿ���Ҳ���ǿ����еĳ���
���������ļ���

</failure>
  </testcase>
  <testcase name="Posix [testUInt16]" classname="testUInt16 [General.Types]" time="0.001">
    <failure message="Cannot run compiler&apos;posix&apos; on the current platform" type="org.aiotml.testing.errors.AiotMLTestCaseCompilerError">org.aiotml.testing.errors.AiotMLTestCaseCompilerError: Cannot run compiler'posix' on the current platform
Caused by: org.aiotml.testing.errors.AiotMLExecutionError: 
make -v - Non-zero return value
[stdout]

[stderr]
'make' �����ڲ����ⲿ���Ҳ���ǿ����еĳ���
���������ļ���

</failure>
  </testcase>
  <testcase name="PosixMT [testUInt16]" classname="testUInt16 [General.Types]" time="0.001">
    <failure message="Cannot run compiler&apos;posixmt&apos; on the current platform" type="org.aiotml.testing.errors.AiotMLTestCaseCompilerError">org.aiotml.testing.errors.AiotMLTestCaseCompilerError: Cannot run compiler'posixmt' on the current platform
Caused by: org.aiotml.testing.errors.AiotMLExecutionError: 
make -v - Non-zero return value
[stdout]

[stderr]
'make' �����ڲ����ⲿ���Ҳ���ǿ����еĳ���
���������ļ���

</failure>
  </testcase>
  <testcase name="Go [testInt32]" classname="testInt32 [General.Types]" time="0.281">
    <failure message="Test execution - Non-zero return value&#10;[stdout]&#10;&#10;[stderr]&#10;testconfiguration_generated.go:4:2: cannot find package &quot;github.com/SINTEF-9012/gosm&quot; in any of:&#10;	D:\Go\src\github.com\SINTEF-9012\gosm (from $GOROOT)&#10;	F:\MasterLab\go-ethereum\src\github.com\SINTEF-9012\gosm (from $GOPATH)&#10;" type="org.aiotml.testing.errors.AiotMLExecutionError">org.aiotml.testing.errors.AiotMLExecutionError: 
Test execution - Non-zero return value
[stdout]

[stderr]
testconfiguration_generated.go:4:2: cannot find package "github.com/SINTEF-9012/gosm" in any of:
	D:\Go\src\github.com\SINTEF-9012\gosm (from $GOROOT)
	F:\MasterLab\go-ethereum\src\github.com\SINTEF-9012\gosm (from $GOPATH)

</failure>
  </testcase>
  <testcase name="NodeJS [testUInt8]" classname="testUInt8 [General.Types]" time="0.078">
    <failure message="Cannot run compiler&apos;nodejs&apos; on the current platform" type="org.aiotml.testing.errors.AiotMLTestCaseCompilerError">org.aiotml.testing.errors.AiotMLTestCaseCompilerError: Cannot run compiler'nodejs' on the current platform
Caused by: org.aiotml.testing.errors.AiotMLExecutionError: 
node -v - Non-zero return value
[stdout]

[stderr]
'node' �����ڲ����ⲿ���Ҳ���ǿ����еĳ���
���������ļ���

</failure>
  </testcase>
  <testcase name="Java [testUInt8]" classname="testUInt8 [General.Types]" time="0.001">
    <failure message="Cannot run compiler&apos;java&apos; on the current platform" type="org.aiotml.testing.errors.AiotMLTestCaseCompilerError">org.aiotml.testing.errors.AiotMLTestCaseCompilerError: Cannot run compiler'java' on the current platform
Caused by: org.aiotml.testing.errors.AiotMLExecutionError: 
mvn -v - Non-zero return value
[stdout]

[stderr]
'mvn' �����ڲ����ⲿ���Ҳ���ǿ����еĳ���
���������ļ���

</failure>
  </testcase>
  <testcase name="Posix [testUInt8]" classname="testUInt8 [General.Types]" time="0.001">
    <failure message="Cannot run compiler&apos;posix&apos; on the current platform" type="org.aiotml.testing.errors.AiotMLTestCaseCompilerError">org.aiotml.testing.errors.AiotMLTestCaseCompilerError: Cannot run compiler'posix' on the current platform
Caused by: org.aiotml.testing.errors.AiotMLExecutionError: 
make -v - Non-zero return value
[stdout]

[stderr]
'make' �����ڲ����ⲿ���Ҳ���ǿ����еĳ���
���������ļ���

</failure>
  </testcase>
  <testcase name="PosixMT [testUInt8]" classname="testUInt8 [General.Types]" time="0">
    <failure message="Cannot run compiler&apos;posixmt&apos; on the current platform" type="org.aiotml.testing.errors.AiotMLTestCaseCompilerError">org.aiotml.testing.errors.AiotMLTestCaseCompilerError: Cannot run compiler'posixmt' on the current platform
Caused by: org.aiotml.testing.errors.AiotMLExecutionError: 
make -v - Non-zero return value
[stdout]

[stderr]
'make' �����ڲ����ⲿ���Ҳ���ǿ����еĳ���
���������ļ���

</failure>
  </testcase>
  <testcase name="Go [testUInt32]" classname="testUInt32 [General.Types]" time="0.183">
    <failure message="Test execution - Non-zero return value&#10;[stdout]&#10;&#10;[stderr]&#10;testconfiguration_generated.go:4:2: cannot find package &quot;github.com/SINTEF-9012/gosm&quot; in any of:&#10;	D:\Go\src\github.com\SINTEF-9012\gosm (from $GOROOT)&#10;	F:\MasterLab\go-ethereum\src\github.com\SINTEF-9012\gosm (from $GOPATH)&#10;" type="org.aiotml.testing.errors.AiotMLExecutionError">org.aiotml.testing.errors.AiotMLExecutionError: 
Test execution - Non-zero return value
[stdout]

[stderr]
testconfiguration_generated.go:4:2: cannot find package "github.com/SINTEF-9012/gosm" in any of:
	D:\Go\src\github.com\SINTEF-9012\gosm (from $GOROOT)
	F:\MasterLab\go-ethereum\src\github.com\SINTEF-9012\gosm (from $GOPATH)

</failure>
  </testcase>
  <testcase name="Go [testUInt16]" classname="testUInt16 [General.Types]" time="0.379">
    <failure message="Test execution - Non-zero return value&#10;[stdout]&#10;&#10;[stderr]&#10;testconfiguration_generated.go:4:2: cannot find package &quot;github.com/SINTEF-9012/gosm&quot; in any of:&#10;	D:\Go\src\github.com\SINTEF-9012\gosm (from $GOROOT)&#10;	F:\MasterLab\go-ethereum\src\github.com\SINTEF-9012\gosm (from $GOPATH)&#10;" type="org.aiotml.testing.errors.AiotMLExecutionError">org.aiotml.testing.errors.AiotMLExecutionError: 
Test execution - Non-zero return value
[stdout]

[stderr]
testconfiguration_generated.go:4:2: cannot find package "github.com/SINTEF-9012/gosm" in any of:
	D:\Go\src\github.com\SINTEF-9012\gosm (from $GOROOT)
	F:\MasterLab\go-ethereum\src\github.com\SINTEF-9012\gosm (from $GOPATH)

</failure>
  </testcase>
  <testcase name="Go [testUInt8]" classname="testUInt8 [General.Types]" time="0.632">
    <failure message="Test execution - Non-zero return value&#10;[stdout]&#10;&#10;[stderr]&#10;testconfiguration_generated.go:4:2: cannot find package &quot;github.com/SINTEF-9012/gosm&quot; in any of:&#10;	D:\Go\src\github.com\SINTEF-9012\gosm (from $GOROOT)&#10;	F:\MasterLab\go-ethereum\src\github.com\SINTEF-9012\gosm (from $GOPATH)&#10;" type="org.aiotml.testing.errors.AiotMLExecutionError">org.aiotml.testing.errors.AiotMLExecutionError: 
Test execution - Non-zero return value
[stdout]

[stderr]
testconfiguration_generated.go:4:2: cannot find package "github.com/SINTEF-9012/gosm" in any of:
	D:\Go\src\github.com\SINTEF-9012\gosm (from $GOROOT)
	F:\MasterLab\go-ethereum\src\github.com\SINTEF-9012\gosm (from $GOPATH)

</failure>
  </testcase>
</testsuite>